This file contains any messages produced by compilers while
running configure, to aid debugging if configure makes a mistake.

It was created by configure, which was
generated by GNU Autoconf 2.52.20180819.  Invocation command line was

  $ ./configure --with-neXtaw

## ---------- ##
## Platform.  ##
## ---------- ##

hostname = debian
uname -m = x86_64
uname -r = 4.17.0-3-amd64
uname -s = Linux
uname -v = #1 SMP Debian 4.17.17-1 (2018-08-18)

/usr/bin/uname -p = unknown
/bin/uname -X     = unknown

/bin/arch              = unknown
/usr/bin/arch -k       = unknown
/usr/convex/getsysinfo = unknown
hostinfo               = unknown
/bin/machine           = unknown
/usr/bin/oslevel       = unknown
/bin/universe          = unknown

PATH = /usr/local/bin:/usr/bin:/bin:/usr/local/games:/usr/games:/usr/sbin/:/usr/sbin/:/usr/sbin/:/usr/sbin/

## ------------ ##
## Core tests.  ##
## ------------ ##

configure:1103: PATH=".;."; conftest.sh
./configure: 1104: ./configure: conftest.sh: not found
configure:1106: $? = 127
configure:1148: checking build system type
configure:1166: result: x86_64-pc-linux-gnu
configure:1174: checking host system type
configure:1188: result: x86_64-pc-linux-gnu
configure:1214: result: Configuring for linux-gnu
configure:1280: checking for gcc
configure:1295: found /usr/bin/gcc
configure:1303: result: gcc
configure:1531: checking for C compiler version
configure:1534: gcc --version </dev/null >&5
gcc (Debian 8.2.0-7) 8.2.0
Copyright (C) 2018 Free Software Foundation, Inc.
This is free software; see the source for copying conditions.  There is NO
warranty; not even for MERCHANTABILITY or FITNESS FOR A PARTICULAR PURPOSE.

configure:1537: $? = 0
configure:1539: gcc -v </dev/null >&5
Using built-in specs.
COLLECT_GCC=gcc
COLLECT_LTO_WRAPPER=/usr/lib/gcc/x86_64-linux-gnu/8/lto-wrapper
OFFLOAD_TARGET_NAMES=nvptx-none
OFFLOAD_TARGET_DEFAULT=1
Target: x86_64-linux-gnu
Configured with: ../src/configure -v --with-pkgversion='Debian 8.2.0-7' --with-bugurl=file:///usr/share/doc/gcc-8/README.Bugs --enable-languages=c,ada,c++,go,brig,d,fortran,objc,obj-c++ --prefix=/usr --with-gcc-major-version-only --program-suffix=-8 --program-prefix=x86_64-linux-gnu- --enable-shared --enable-linker-build-id --libexecdir=/usr/lib --without-included-gettext --enable-threads=posix --libdir=/usr/lib --enable-nls --with-sysroot=/ --enable-clocale=gnu --enable-libstdcxx-debug --enable-libstdcxx-time=yes --with-default-libstdcxx-abi=new --enable-gnu-unique-object --disable-vtable-verify --enable-libmpx --enable-plugin --enable-default-pie --with-system-zlib --with-target-system-zlib --enable-objc-gc=auto --enable-multiarch --disable-werror --with-arch-32=i686 --with-abi=m64 --with-multilib-list=m32,m64,mx32 --enable-multilib --with-tune=generic --enable-offload-targets=nvptx-none --without-cuda-driver --enable-checking=release --build=x86_64-linux-gnu --host=x86_64-linux-gnu --target=x86_64-linux-gnu
Thread model: posix
gcc version 8.2.0 (Debian 8.2.0-7) 
configure:1542: $? = 0
configure:1544: gcc -V </dev/null >&5
gcc: error: unrecognized command line option '-V'
gcc: fatal error: no input files
compilation terminated.
configure:1547: $? = 1
configure:1567: checking for C compiler default output
configure:1570: gcc    conftest.c  >&5
configure:1573: $? = 0
configure:1602: result: a.out
configure:1607: checking whether the C compiler works
configure:1613: ./a.out
configure:1616: $? = 0
configure:1631: result: yes
configure:1638: checking whether we are cross compiling
configure:1640: result: no
configure:1643: checking for executable suffix
configure:1645: gcc -o conftest    conftest.c  >&5
configure:1648: $? = 0
configure:1670: result: 
configure:1676: checking for object suffix
configure:1694: gcc -c   conftest.c >&5
configure:1697: $? = 0
configure:1716: result: o
configure:1720: checking whether we are using the GNU C compiler
configure:1741: gcc -c   conftest.c >&5
configure:1744: $? = 0
configure:1747: test -s conftest.o
configure:1750: $? = 0
configure:1762: result: yes
configure:1768: checking whether gcc accepts -g
configure:1786: gcc -c -g  conftest.c >&5
configure:1789: $? = 0
configure:1792: test -s conftest.o
configure:1795: $? = 0
configure:1805: result: yes
configure:1832: gcc -c -g -O2  conftest.c >&5
conftest.c:2:3: error: unknown type name 'choke'
   choke me
   ^~~~~
conftest.c:2:3: error: expected '=', ',', ';', 'asm' or '__attribute__' at end of input
configure:1835: $? = 1
configure: failed program was:
#ifndef __cplusplus
  choke me
#endif
configure:1936: checking version of gcc
configure:1940: result: 8.2.0
configure:1944: checking for gcc option to accept ANSI C
configure:2001: gcc  -c -g -O2  conftest.c >&5
configure:2004: $? = 0
configure:2007: test -s conftest.o
configure:2010: $? = 0
configure:2027: result: none needed
configure:2038: checking $CC variable
configure:2173: result: ok
configure:2184: checking how to run the C preprocessor
configure:2210: gcc -E  conftest.c
configure:2216: $? = 0
configure:2243: gcc -E  conftest.c
configure:2240:10: fatal error: ac_nonexistent.h: No such file or directory
 #include "confdefs.h"
          ^~~~~~~~~~~~      
compilation terminated.
configure:2249: $? = 1
configure: failed program was:
#line 2239 "configure"
#include "confdefs.h"
#include <ac_nonexistent.h>
configure:2286: result: gcc -E
configure:2301: gcc -E  conftest.c
configure:2307: $? = 0
configure:2334: gcc -E  conftest.c
configure:2331:10: fatal error: ac_nonexistent.h: No such file or directory
 #include "confdefs.h"
          ^~~~~~~~~~~~      
compilation terminated.
configure:2340: $? = 1
configure: failed program was:
#line 2330 "configure"
#include "confdefs.h"
#include <ac_nonexistent.h>
configure:2384: checking for mawk
configure:2399: found /usr/bin/mawk
configure:2407: result: mawk
configure:2429: checking for a BSD compatible install
configure:2478: result: /usr/bin/install -c
configure:2489: checking whether ln -s works
configure:2493: result: yes
configure:2517: checking for lint
configure:2543: result: no
configure:2517: checking for cppcheck
configure:2543: result: no
configure:2517: checking for splint
configure:2543: result: no
configure:2592: checking if this is the GNU C library
configure:2616: gcc -c -g -O2  conftest.c >&5
configure:2619: $? = 0
configure:2622: test -s conftest.o
configure:2625: $? = 0
configure:2636: result: yes
configure:2643: checking if _DEFAULT_SOURCE can be used as a basis
configure:2672: gcc -c -g -O2 -D_DEFAULT_SOURCE conftest.c >&5
configure:2675: $? = 0
configure:2678: test -s conftest.o
configure:2681: $? = 0
configure:2693: result: yes
configure:2698: checking if _XOPEN_SOURCE=700 works with _DEFAULT_SOURCE
configure:2823: gcc -c -g -O2 -D_DEFAULT_SOURCE -D_XOPEN_SOURCE=700 conftest.c >&5
configure:2826: $? = 0
configure:2829: test -s conftest.o
configure:2832: $? = 0
configure:2843: result: yes
configure:3972: checking if _XOPEN_SOURCE really is set
configure:3990: gcc -c -g -O2 -D_DEFAULT_SOURCE -D_XOPEN_SOURCE=700 conftest.c >&5
configure:3993: $? = 0
configure:3996: test -s conftest.o
configure:3999: $? = 0
configure:4008: result: yes
configure:4028: gcc -c -g -O2 -D_DEFAULT_SOURCE -D_XOPEN_SOURCE=700 conftest.c >&5
configure:4031: $? = 0
configure:4034: test -s conftest.o
configure:4037: $? = 0
configure:4261: checking if SIGWINCH is defined
configure:4283: gcc -c -g -O2 -D_DEFAULT_SOURCE -D_XOPEN_SOURCE=700 conftest.c >&5
configure:4286: $? = 0
configure:4289: test -s conftest.o
configure:4292: $? = 0
configure:4340: result: yes
configure:4422: checking for ncurses/curses.h
configure:4432: gcc -E -D_DEFAULT_SOURCE -D_XOPEN_SOURCE=700 conftest.c
configure:4429:10: fatal error: ncurses/curses.h: No such file or directory
 #include "confdefs.h"
          ^~~~~~~~~~~~      
compilation terminated.
configure:4438: $? = 1
configure: failed program was:
#line 4428 "configure"
#include "confdefs.h"
#include <ncurses/curses.h>
configure:4457: result: no
configure:4422: checking for ncurses/term.h
configure:4432: gcc -E -D_DEFAULT_SOURCE -D_XOPEN_SOURCE=700 conftest.c
configure:4429:10: fatal error: ncurses/term.h: No such file or directory
 #include "confdefs.h"
          ^~~~~~~~~~~~    
compilation terminated.
configure:4438: $? = 1
configure: failed program was:
#line 4428 "configure"
#include "confdefs.h"
#include <ncurses/term.h>
configure:4457: result: no
configure:4422: checking for stdlib.h
configure:4432: gcc -E -D_DEFAULT_SOURCE -D_XOPEN_SOURCE=700 conftest.c
configure:4438: $? = 0
configure:4457: result: yes
configure:4422: checking for sys/ptem.h
configure:4432: gcc -E -D_DEFAULT_SOURCE -D_XOPEN_SOURCE=700 conftest.c
configure:4429:10: fatal error: sys/ptem.h: No such file or directory
 #include "confdefs.h"
          ^~~~~~~~~~~~
compilation terminated.
configure:4438: $? = 1
configure: failed program was:
#line 4428 "configure"
#include "confdefs.h"
#include <sys/ptem.h>
configure:4457: result: no
configure:4422: checking for sys/ttydefaults.h
configure:4432: gcc -E -D_DEFAULT_SOURCE -D_XOPEN_SOURCE=700 conftest.c
configure:4438: $? = 0
configure:4457: result: yes
configure:4422: checking for term.h
configure:4432: gcc -E -D_DEFAULT_SOURCE -D_XOPEN_SOURCE=700 conftest.c
configure:4438: $? = 0
configure:4457: result: yes
configure:4422: checking for termios.h
configure:4432: gcc -E -D_DEFAULT_SOURCE -D_XOPEN_SOURCE=700 conftest.c
configure:4438: $? = 0
configure:4457: result: yes
configure:4422: checking for unistd.h
configure:4432: gcc -E -D_DEFAULT_SOURCE -D_XOPEN_SOURCE=700 conftest.c
configure:4438: $? = 0
configure:4457: result: yes
configure:4422: checking for wchar.h
configure:4432: gcc -E -D_DEFAULT_SOURCE -D_XOPEN_SOURCE=700 conftest.c
configure:4438: $? = 0
configure:4457: result: yes
configure:4467: checking whether time.h and sys/time.h may both be included
configure:4489: gcc -c -g -O2 -D_DEFAULT_SOURCE -D_XOPEN_SOURCE=700 conftest.c >&5
configure:4492: $? = 0
configure:4495: test -s conftest.o
configure:4498: $? = 0
configure:4508: result: yes
configure:4518: checking for nl_langinfo and CODESET
configure:4536: gcc -o conftest -g -O2 -D_DEFAULT_SOURCE -D_XOPEN_SOURCE=700  conftest.c  >&5
configure:4539: $? = 0
configure:4542: test -s conftest
configure:4545: $? = 0
configure:4556: result: yes
configure:4568: checking for signal global datatype
configure:4603: gcc -c -g -O2 -D_DEFAULT_SOURCE -D_XOPEN_SOURCE=700 conftest.c >&5
configure:4606: $? = 0
configure:4609: test -s conftest.o
configure:4612: $? = 0
configure:4626: result: volatile sig_atomic_t
configure:4633: checking for ANSI C header files
configure:4647: gcc -E -D_DEFAULT_SOURCE -D_XOPEN_SOURCE=700 conftest.c
configure:4653: $? = 0
configure:4740: gcc -o conftest -g -O2 -D_DEFAULT_SOURCE -D_XOPEN_SOURCE=700  conftest.c  >&5
configure:4743: $? = 0
configure:4745: ./conftest
configure:4748: $? = 0
configure:4761: result: yes
configure:4777: checking for sys/types.h
configure:4789: gcc -c -g -O2 -D_DEFAULT_SOURCE -D_XOPEN_SOURCE=700 conftest.c >&5
configure:4792: $? = 0
configure:4795: test -s conftest.o
configure:4798: $? = 0
configure:4808: result: yes
configure:4777: checking for sys/stat.h
configure:4789: gcc -c -g -O2 -D_DEFAULT_SOURCE -D_XOPEN_SOURCE=700 conftest.c >&5
configure:4792: $? = 0
configure:4795: test -s conftest.o
configure:4798: $? = 0
configure:4808: result: yes
configure:4777: checking for stdlib.h
configure:4808: result: yes
configure:4777: checking for string.h
configure:4789: gcc -c -g -O2 -D_DEFAULT_SOURCE -D_XOPEN_SOURCE=700 conftest.c >&5
configure:4792: $? = 0
configure:4795: test -s conftest.o
configure:4798: $? = 0
configure:4808: result: yes
configure:4777: checking for memory.h
configure:4789: gcc -c -g -O2 -D_DEFAULT_SOURCE -D_XOPEN_SOURCE=700 conftest.c >&5
configure:4792: $? = 0
configure:4795: test -s conftest.o
configure:4798: $? = 0
configure:4808: result: yes
configure:4777: checking for strings.h
configure:4789: gcc -c -g -O2 -D_DEFAULT_SOURCE -D_XOPEN_SOURCE=700 conftest.c >&5
configure:4792: $? = 0
configure:4795: test -s conftest.o
configure:4798: $? = 0
configure:4808: result: yes
configure:4777: checking for inttypes.h
configure:4789: gcc -c -g -O2 -D_DEFAULT_SOURCE -D_XOPEN_SOURCE=700 conftest.c >&5
configure:4792: $? = 0
configure:4795: test -s conftest.o
configure:4798: $? = 0
configure:4808: result: yes
configure:4777: checking for stdint.h
configure:4789: gcc -c -g -O2 -D_DEFAULT_SOURCE -D_XOPEN_SOURCE=700 conftest.c >&5
configure:4792: $? = 0
configure:4795: test -s conftest.o
configure:4798: $? = 0
configure:4808: result: yes
configure:4777: checking for unistd.h
configure:4808: result: yes
configure:4818: checking for time_t
configure:4839: gcc -c -g -O2 -D_DEFAULT_SOURCE -D_XOPEN_SOURCE=700 conftest.c >&5
configure:4842: $? = 0
configure:4845: test -s conftest.o
configure:4848: $? = 0
configure:4858: result: yes
configure:4870: checking for cc_t in <termios.h> or <termio.h>
configure:4897: gcc -c -g -O2 -D_DEFAULT_SOURCE -D_XOPEN_SOURCE=700 conftest.c >&5
configure:4900: $? = 0
configure:4903: test -s conftest.o
configure:4906: $? = 0
configure:4918: result: yes
configure:4925: checking for mode_t
configure:4946: gcc -c -g -O2 -D_DEFAULT_SOURCE -D_XOPEN_SOURCE=700 conftest.c >&5
configure:4949: $? = 0
configure:4952: test -s conftest.o
configure:4955: $? = 0
configure:4965: result: yes
configure:4977: checking for pid_t
configure:4998: gcc -c -g -O2 -D_DEFAULT_SOURCE -D_XOPEN_SOURCE=700 conftest.c >&5
configure:5001: $? = 0
configure:5004: test -s conftest.o
configure:5007: $? = 0
configure:5017: result: yes
configure:5029: checking for uid_t in sys/types.h
configure:5049: result: yes
configure:5063: checking for off_t
configure:5084: gcc -c -g -O2 -D_DEFAULT_SOURCE -D_XOPEN_SOURCE=700 conftest.c >&5
configure:5087: $? = 0
configure:5090: test -s conftest.o
configure:5093: $? = 0
configure:5103: result: yes
configure:5135: checking for gethostname
configure:5172: gcc -o conftest -g -O2 -D_DEFAULT_SOURCE -D_XOPEN_SOURCE=700  conftest.c  >&5
configure:5175: $? = 0
configure:5178: test -s conftest
configure:5181: $? = 0
configure:5191: result: yes
configure:5135: checking for getusershell
configure:5172: gcc -o conftest -g -O2 -D_DEFAULT_SOURCE -D_XOPEN_SOURCE=700  conftest.c  >&5
configure:5175: $? = 0
configure:5178: test -s conftest
configure:5181: $? = 0
configure:5191: result: yes
configure:5135: checking for endusershell
configure:5172: gcc -o conftest -g -O2 -D_DEFAULT_SOURCE -D_XOPEN_SOURCE=700  conftest.c  >&5
configure:5175: $? = 0
configure:5178: test -s conftest
configure:5181: $? = 0
configure:5191: result: yes
configure:5135: checking for getlogin
configure:5172: gcc -o conftest -g -O2 -D_DEFAULT_SOURCE -D_XOPEN_SOURCE=700  conftest.c  >&5
configure:5175: $? = 0
configure:5178: test -s conftest
configure:5181: $? = 0
configure:5191: result: yes
configure:5135: checking for initgroups
configure:5172: gcc -o conftest -g -O2 -D_DEFAULT_SOURCE -D_XOPEN_SOURCE=700  conftest.c  >&5
configure:5175: $? = 0
configure:5178: test -s conftest
configure:5181: $? = 0
configure:5191: result: yes
configure:5135: checking for mkdtemp
configure:5172: gcc -o conftest -g -O2 -D_DEFAULT_SOURCE -D_XOPEN_SOURCE=700  conftest.c  >&5
configure:5175: $? = 0
configure:5178: test -s conftest
configure:5181: $? = 0
configure:5191: result: yes
configure:5135: checking for putenv
configure:5172: gcc -o conftest -g -O2 -D_DEFAULT_SOURCE -D_XOPEN_SOURCE=700  conftest.c  >&5
configure:5175: $? = 0
configure:5178: test -s conftest
configure:5181: $? = 0
configure:5191: result: yes
configure:5135: checking for unsetenv
configure:5172: gcc -o conftest -g -O2 -D_DEFAULT_SOURCE -D_XOPEN_SOURCE=700  conftest.c  >&5
configure:5175: $? = 0
configure:5178: test -s conftest
configure:5181: $? = 0
configure:5191: result: yes
configure:5135: checking for sched_yield
configure:5172: gcc -o conftest -g -O2 -D_DEFAULT_SOURCE -D_XOPEN_SOURCE=700  conftest.c  >&5
configure:5175: $? = 0
configure:5178: test -s conftest
configure:5181: $? = 0
configure:5191: result: yes
configure:5135: checking for setpgid
configure:5172: gcc -o conftest -g -O2 -D_DEFAULT_SOURCE -D_XOPEN_SOURCE=700  conftest.c  >&5
configure:5175: $? = 0
configure:5178: test -s conftest
configure:5181: $? = 0
configure:5191: result: yes
configure:5135: checking for strftime
configure:5172: gcc -o conftest -g -O2 -D_DEFAULT_SOURCE -D_XOPEN_SOURCE=700  conftest.c  >&5
configure:5151:6: warning: conflicting types for built-in function 'strftime' [-Wbuiltin-declaration-mismatch]
    builtin and then its argument prototype would still apply.  */
      ^~~~~~~~
configure:5175: $? = 0
configure:5178: test -s conftest
configure:5181: $? = 0
configure:5191: result: yes
configure:5135: checking for tcgetattr
configure:5172: gcc -o conftest -g -O2 -D_DEFAULT_SOURCE -D_XOPEN_SOURCE=700  conftest.c  >&5
configure:5175: $? = 0
configure:5178: test -s conftest
configure:5181: $? = 0
configure:5191: result: yes
configure:5135: checking for waitpid
configure:5172: gcc -o conftest -g -O2 -D_DEFAULT_SOURCE -D_XOPEN_SOURCE=700  conftest.c  >&5
configure:5175: $? = 0
configure:5178: test -s conftest
configure:5181: $? = 0
configure:5191: result: yes
configure:5135: checking for wcswidth
configure:5172: gcc -o conftest -g -O2 -D_DEFAULT_SOURCE -D_XOPEN_SOURCE=700  conftest.c  >&5
configure:5175: $? = 0
configure:5178: test -s conftest
configure:5181: $? = 0
configure:5191: result: yes
configure:5135: checking for wcwidth
configure:5172: gcc -o conftest -g -O2 -D_DEFAULT_SOURCE -D_XOPEN_SOURCE=700  conftest.c  >&5
configure:5175: $? = 0
configure:5178: test -s conftest
configure:5181: $? = 0
configure:5191: result: yes
configure:5204: checking for lastlog.h
configure:5214: gcc -E -D_DEFAULT_SOURCE -D_XOPEN_SOURCE=700 conftest.c
configure:5220: $? = 0
configure:5239: result: yes
configure:5204: checking for paths.h
configure:5214: gcc -E -D_DEFAULT_SOURCE -D_XOPEN_SOURCE=700 conftest.c
configure:5220: $? = 0
configure:5239: result: yes
configure:5249: checking for lastlog path
configure:5276: gcc -c -g -O2 -D_DEFAULT_SOURCE -D_XOPEN_SOURCE=700 conftest.c >&5
configure:5279: $? = 0
configure:5282: test -s conftest.o
configure:5285: $? = 0
configure:5300: result: _PATH_LASTLOG
configure:5307: checking for utmp implementation
configure:5338: gcc -c -g -O2 -D_DEFAULT_SOURCE -D_XOPEN_SOURCE=700 conftest.c >&5
configure:5328:18: error: conflicting types for 'getutxent'
 main (void)
                  ^        
In file included from configure:5327:
/usr/include/utmpx.h:65:22: note: previous declaration of 'getutxent' was here
 extern struct utmpx *getutxent (void);
                      ^~~~~~~~~
configure:5341: $? = 1
configure: failed program was:
#line 5324 "configure"
#include "confdefs.h"

#include <sys/types.h>
#include <utmpx.h>
#define getutent getutxent
#ifdef USE_LASTLOG
#include <lastlog.h>	/* may conflict with utmpx.h on Linux */
#endif

int
main (void)
{
struct utmpx x;
	 char *name = x.ut_name; /* utmp.h and compatible definitions */

  ;
  return 0;
}
configure:5370: gcc -c -g -O2 -D_DEFAULT_SOURCE -D_XOPEN_SOURCE=700 conftest.c >&5
configure:5360:18: error: conflicting types for 'getutxent'
 main (void)
                  ^        
In file included from configure:5359:
/usr/include/utmpx.h:65:22: note: previous declaration of 'getutxent' was here
 extern struct utmpx *getutxent (void);
                      ^~~~~~~~~
configure:5373: $? = 1
configure: failed program was:
#line 5356 "configure"
#include "confdefs.h"

#include <sys/types.h>
#include <utmpx.h>
#define getutent getutxent
#ifdef USE_LASTLOG
#include <lastlog.h>	/* may conflict with utmpx.h on Linux */
#endif

int
main (void)
{
struct utmpx x;
	 char *name = x.ut_user; /* utmpx.h must declare this */

  ;
  return 0;
}
configure:5338: gcc -c -g -O2 -D_DEFAULT_SOURCE -D_XOPEN_SOURCE=700 conftest.c >&5
configure:5341: $? = 0
configure:5344: test -s conftest.o
configure:5347: $? = 0
configure:5394: result: utmp
configure:5409: checking if utmp.ut_host is declared
configure:5430: gcc -c -g -O2 -D_DEFAULT_SOURCE -D_XOPEN_SOURCE=700 conftest.c >&5
configure:5433: $? = 0
configure:5436: test -s conftest.o
configure:5439: $? = 0
configure:5451: result: yes
configure:5461: checking if utmp.ut_syslen is declared
configure:5482: gcc -c -g -O2 -D_DEFAULT_SOURCE -D_XOPEN_SOURCE=700 conftest.c >&5
configure: In function 'main':
configure:5475:26: error: 'struct utmp' has no member named 'ut_syslen'; did you mean 'ut_type'?
 {
                          ^        
                          ut_type
configure:5485: $? = 1
configure: failed program was:
#line 5468 "configure"
#include "confdefs.h"

#include <sys/types.h>
#include <utmp.h>
int
main (void)
{
struct utmp x; int y = x.ut_syslen
  ;
  return 0;
}
configure:5503: result: no
configure:5513: checking if utmp.ut_name is declared
configure:5544: gcc -c -g -O2 -D_DEFAULT_SOURCE -D_XOPEN_SOURCE=700 conftest.c >&5
configure:5547: $? = 0
configure:5550: test -s conftest.o
configure:5553: $? = 0
configure:5565: result: ut_name
configure:5585: checking for exit-status in utmp
configure:5612: gcc -c -g -O2 -D_DEFAULT_SOURCE -D_XOPEN_SOURCE=700 conftest.c >&5
configure: In function 'main':
configure:5605:35: error: 'struct exit_status' has no member named '__e_exit'; did you mean 'e_exit'?
 {
                                   ^       
                                   e_exit
configure:5615: $? = 1
configure: failed program was:
#line 5598 "configure"
#include "confdefs.h"

#include <sys/types.h>
#include <utmp.h>
int
main (void)
{
struct utmp x; long y = x.ut_exit.__e_exit = 0
  ;
  return 0;
}
configure:5612: gcc -c -g -O2 -D_DEFAULT_SOURCE -D_XOPEN_SOURCE=700 conftest.c >&5
configure:5615: $? = 0
configure:5618: test -s conftest.o
configure:5621: $? = 0
configure:5634: result: ut_exit.e_exit
configure:5650: checking if utmp.ut_xtime is declared
configure:5671: gcc -c -g -O2 -D_DEFAULT_SOURCE -D_XOPEN_SOURCE=700 conftest.c >&5
configure:5674: $? = 0
configure:5677: test -s conftest.o
configure:5680: $? = 0
configure:5724: result: yes
configure:5743: checking if utmp.ut_session is declared
configure:5764: gcc -c -g -O2 -D_DEFAULT_SOURCE -D_XOPEN_SOURCE=700 conftest.c >&5
configure:5767: $? = 0
configure:5770: test -s conftest.o
configure:5773: $? = 0
configure:5784: result: yes
configure:5795: checking if utmp is SYSV flavor
configure:5822: gcc -o conftest -g -O2 -D_DEFAULT_SOURCE -D_XOPEN_SOURCE=700  conftest.c  >&5
configure:5825: $? = 0
configure:5828: test -s conftest
configure:5831: $? = 0
configure:5842: result: yes
configure:5854: checking for lastlog.h
configure:5889: result: yes
configure:5899: checking for struct lastlog
configure:5924: gcc -o conftest -g -O2 -D_DEFAULT_SOURCE -D_XOPEN_SOURCE=700  conftest.c  >&5
configure:5927: $? = 0
configure:5929: ./conftest
configure:5932: $? = 1
configure: program exited with status 1
configure: failed program was:
#line 5910 "configure"
#include "confdefs.h"

#include <sys/types.h>
#include <time.h>
#include <lastlog.h>

int main()
{
	struct lastlog data;
	return (sizeof(data.ll_time) != sizeof(time_t));
}
configure:5946: result: no
configure:5959: checking for sys/param.h
configure:5969: gcc -E -D_DEFAULT_SOURCE -D_XOPEN_SOURCE=700 conftest.c
configure:5975: $? = 0
configure:5994: result: yes
configure:6004: checking if POSIX saved-ids are supported
configure:6039: gcc -o conftest -g -O2 -D_DEFAULT_SOURCE -D_XOPEN_SOURCE=700  conftest.c  >&5
configure:6042: $? = 0
configure:6045: test -s conftest
configure:6048: $? = 0
configure:6099: result: yes
configure:6125: checking if we want full tgetent function
configure:6142: result: yes
configure:6151: checking for full tgetent function
configure:6204: gcc -o conftest -g -O2 -D_DEFAULT_SOURCE -D_XOPEN_SOURCE=700  conftest.c  >&5
configure: In function 'main':
configure:6199:2: warning: implicit declaration of function 'tgetent' [-Wimplicit-function-declaration]
  buffer[0] = 0;
  ^~~~~~~
/usr/bin/ld: /tmp/ccpIoKRs.o: in function `main':
/home/wjk/Code/NeXTerm/xterm-337/configure:6199: undefined reference to `tgetent'
collect2: error: ld returned 1 exit status
configure:6207: $? = 1
configure: program exited with status 1
configure: failed program was:
#line 6189 "configure"
#include "confdefs.h"

/* terminfo implementations ignore the buffer argument, making it useless for
 * the xterm application, which uses this information to make a new TERMCAP
 * environment variable.
 */
int main()
{
	char buffer[1024];
	buffer[0] = 0;
	tgetent(buffer, "vt100");
	return (buffer[0] == 0); }
no, there is no termcap/tgetent in 
configure:6204: gcc -o conftest -g -O2 -D_DEFAULT_SOURCE -D_XOPEN_SOURCE=700  conftest.c -lotermcap >&5
configure: In function 'main':
configure:6199:2: warning: implicit declaration of function 'tgetent' [-Wimplicit-function-declaration]
  buffer[0] = 0;
  ^~~~~~~
/usr/bin/ld: cannot find -lotermcap
collect2: error: ld returned 1 exit status
configure:6207: $? = 1
configure: program exited with status 1
configure: failed program was:
#line 6189 "configure"
#include "confdefs.h"

/* terminfo implementations ignore the buffer argument, making it useless for
 * the xterm application, which uses this information to make a new TERMCAP
 * environment variable.
 */
int main()
{
	char buffer[1024];
	buffer[0] = 0;
	tgetent(buffer, "vt100");
	return (buffer[0] == 0); }
no, there is no termcap/tgetent in otermcap
configure:6204: gcc -o conftest -g -O2 -D_DEFAULT_SOURCE -D_XOPEN_SOURCE=700  conftest.c -ltermcap >&5
configure: In function 'main':
configure:6199:2: warning: implicit declaration of function 'tgetent' [-Wimplicit-function-declaration]
  buffer[0] = 0;
  ^~~~~~~
configure:6207: $? = 0
configure:6209: ./conftest
configure:6212: $? = 1
configure: program exited with status 1
configure: failed program was:
#line 6189 "configure"
#include "confdefs.h"

/* terminfo implementations ignore the buffer argument, making it useless for
 * the xterm application, which uses this information to make a new TERMCAP
 * environment variable.
 */
int main()
{
	char buffer[1024];
	buffer[0] = 0;
	tgetent(buffer, "vt100");
	return (buffer[0] == 0); }
no, there is no termcap/tgetent in termcap
configure:6204: gcc -o conftest -g -O2 -D_DEFAULT_SOURCE -D_XOPEN_SOURCE=700  conftest.c -ltermlib >&5
configure: In function 'main':
configure:6199:2: warning: implicit declaration of function 'tgetent' [-Wimplicit-function-declaration]
  buffer[0] = 0;
  ^~~~~~~
/usr/bin/ld: cannot find -ltermlib
collect2: error: ld returned 1 exit status
configure:6207: $? = 1
configure: program exited with status 1
configure: failed program was:
#line 6189 "configure"
#include "confdefs.h"

/* terminfo implementations ignore the buffer argument, making it useless for
 * the xterm application, which uses this information to make a new TERMCAP
 * environment variable.
 */
int main()
{
	char buffer[1024];
	buffer[0] = 0;
	tgetent(buffer, "vt100");
	return (buffer[0] == 0); }
no, there is no termcap/tgetent in termlib
configure:6204: gcc -o conftest -g -O2 -D_DEFAULT_SOURCE -D_XOPEN_SOURCE=700  conftest.c -lncurses >&5
configure: In function 'main':
configure:6199:2: warning: implicit declaration of function 'tgetent' [-Wimplicit-function-declaration]
  buffer[0] = 0;
  ^~~~~~~
configure:6207: $? = 0
configure:6209: ./conftest
configure:6212: $? = 1
configure: program exited with status 1
configure: failed program was:
#line 6189 "configure"
#include "confdefs.h"

/* terminfo implementations ignore the buffer argument, making it useless for
 * the xterm application, which uses this information to make a new TERMCAP
 * environment variable.
 */
int main()
{
	char buffer[1024];
	buffer[0] = 0;
	tgetent(buffer, "vt100");
	return (buffer[0] == 0); }
no, there is no termcap/tgetent in ncurses
configure:6204: gcc -o conftest -g -O2 -D_DEFAULT_SOURCE -D_XOPEN_SOURCE=700  conftest.c -lcurses >&5
configure: In function 'main':
configure:6199:2: warning: implicit declaration of function 'tgetent' [-Wimplicit-function-declaration]
  buffer[0] = 0;
  ^~~~~~~
configure:6207: $? = 0
configure:6209: ./conftest
configure:6212: $? = 1
configure: program exited with status 1
configure: failed program was:
#line 6189 "configure"
#include "confdefs.h"

/* terminfo implementations ignore the buffer argument, making it useless for
 * the xterm application, which uses this information to make a new TERMCAP
 * environment variable.
 */
int main()
{
	char buffer[1024];
	buffer[0] = 0;
	tgetent(buffer, "vt100");
	return (buffer[0] == 0); }
no, there is no termcap/tgetent in curses
configure:6233: result: no
configure:6358: checking for partial tgetent function
configure:6380: gcc -o conftest -g -O2 -D_DEFAULT_SOURCE -D_XOPEN_SOURCE=700  conftest.c  -lotermcap >&5
configure: In function 'main':
configure:6373:1: warning: implicit declaration of function 'tgetent' [-Wimplicit-function-declaration]
 {
 ^      
/usr/bin/ld: cannot find -lotermcap
collect2: error: ld returned 1 exit status
configure:6383: $? = 1
configure: failed program was:
#line 6368 "configure"
#include "confdefs.h"

int
main (void)
{
tgetent(0, "vt100")
  ;
  return 0;
}
configure:6380: gcc -o conftest -g -O2 -D_DEFAULT_SOURCE -D_XOPEN_SOURCE=700  conftest.c  -ltermcap >&5
configure: In function 'main':
configure:6373:1: warning: implicit declaration of function 'tgetent' [-Wimplicit-function-declaration]
 {
 ^      
configure:6383: $? = 0
configure:6386: test -s conftest
configure:6389: $? = 0
there is a terminfo/tgetent in termcap
configure:6403: result: -ltermcap
configure:6427: checking for termcap.h
configure:6437: gcc -E -D_DEFAULT_SOURCE -D_XOPEN_SOURCE=700 conftest.c
configure:6443: $? = 0
configure:6462: result: yes
configure:6482: checking for X applications class
configure:6508: result: XTerm
configure:6511: checking for directory to install resource files
configure:6583: result: ${exec_prefix}/lib/X11/app-defaults
configure:6594: checking for the icon name
configure:6610: result: mini.xterm
configure:6613: checking for icon symlink to use
configure:6632: result: NONE
configure:6648: testing adding icons/filled-xterm to icon-list ...
configure:6648: testing adding icons/mini.xterm to icon-list ...
configure:6655: testing adding icons/mini.xterm_48x48 to icon-list ...
configure:6648: testing adding icons/xterm-color to icon-list ...
configure:6648: testing adding icons/xterm to icon-list ...
configure:6661: checking for directory to install pixmaps
configure:6719: result: ${datadir}/pixmaps
configure:6730: checking for directory to install icons
configure:6788: result: no
configure:6799: checking if icon theme should be used
configure:6817: result: no
configure:6850: checking for icon(s) to install
configure:6856: testing using .svg .png .xpm ...
configure:6931: result: icons/mini.xterm_48x48.png icons/mini.xterm_48x48.xpm
configure:6941: checking for icon name
configure:6943: result: mini.xterm
configure:6947: checking if you want to install desktop files
configure:6964: result: yes
configure:6971: checking for desktop-file-install
configure:6986: found /usr/bin/desktop-file-install
configure:6995: result: yes
configure:7008: checking for requested desktop-category
configure:7018: result: auto
configure:7041: testing inspect /usr/share/applications/Terminal.desktop ...
configure:7041: testing inspect /usr/share/applications/debian-xterm.desktop ...
configure:7041: testing inspect /usr/share/applications/rxvt-unicode.desktop ...
configure:7095: testing will use Categories=System;TerminalEmulator;Utility; ...
configure:7099: checking for install-permissions reference
configure:7109: result: xterm
configure:7114: checking for PATH separator
configure:7121: result: :
configure:7129: checking for xterm
configure:7146: found /usr/bin/xterm
configure:7157: result: /usr/bin/xterm
configure:7219: testing defining path for /usr/bin/xterm ...
configure:7240: checking for symbolic link to create to xterm
configure:7250: result: xterm
configure:7259: checking if you want to disable openpty
configure:7276: result: no
configure:7279: checking if you want to disable setuid
configure:7296: result: no
configure:7299: checking if you want to disable setgid
configure:7316: result: no
configure:7319: checking if you want to run xterm setuid to a given user
configure:7329: result: no
configure:7342: checking if you want to run xterm setgid to match utmp/utmpx file
configure:7352: result: no
configure:7425: checking if you want to link with utempter
configure:7435: result: no
configure:7550: checking if external errno is declared
configure:7575: gcc -c -g -O2 -D_DEFAULT_SOURCE -D_XOPEN_SOURCE=700 conftest.c >&5
configure:7578: $? = 0
configure:7581: test -s conftest.o
configure:7584: $? = 0
configure:7595: result: yes
configure:7610: checking if external errno exists
configure:7632: gcc -o conftest -g -O2 -D_DEFAULT_SOURCE -D_XOPEN_SOURCE=700  conftest.c -ltermcap >&5
/usr/bin/ld: errno: TLS definition in //lib/x86_64-linux-gnu/libc.so.6 section .tbss mismatches non-TLS reference in /tmp/ccV4zO1t.o
/usr/bin/ld: //lib/x86_64-linux-gnu/libc.so.6: error adding symbols: bad value
collect2: error: ld returned 1 exit status
configure:7635: $? = 1
configure: failed program was:
#line 7617 "configure"
#include "confdefs.h"

#undef errno
extern int errno;

int
main (void)
{
errno = 2
  ;
  return 0;
}
configure:7652: result: no
configure:7665: checking for explicit tty group name
configure:7677: result: auto...
configure:7681: checking for tty group name
configure:7734: result: tty
configure:7754: checking if we may use the tty group
configure:7793: gcc -o conftest -g -O2 -D_DEFAULT_SOURCE -D_XOPEN_SOURCE=700  conftest.c -ltermcap >&5
configure:7796: $? = 0
configure:7798: ./conftest
configure:7801: $? = 0
configure:7819: result: yes
configure:7834: checking for sys/wait.h that is POSIX.1 compatible
configure:7862: gcc -c -g -O2 -D_DEFAULT_SOURCE -D_XOPEN_SOURCE=700 conftest.c >&5
configure:7865: $? = 0
configure:7868: test -s conftest.o
configure:7871: $? = 0
configure:7881: result: yes
configure:7891: checking for POSIX wait functions
configure:7921: gcc -o conftest -g -O2 -D_DEFAULT_SOURCE -D_XOPEN_SOURCE=700  conftest.c -ltermcap >&5
configure:7924: $? = 0
configure:7927: test -s conftest
configure:7930: $? = 0
configure:7941: result: yes
configure:7948: checking if external sys_nerr is declared
configure:7973: gcc -c -g -O2 -D_DEFAULT_SOURCE -D_XOPEN_SOURCE=700 conftest.c >&5
configure:7976: $? = 0
configure:7979: test -s conftest.o
configure:7982: $? = 0
configure:7993: result: yes
configure:8008: checking if external sys_nerr exists
configure:8030: gcc -o conftest -g -O2 -D_DEFAULT_SOURCE -D_XOPEN_SOURCE=700  conftest.c -ltermcap >&5
/usr/bin/ld: /tmp/ccYjVd8M.o: in function `main':
/home/wjk/Code/NeXTerm/xterm-337/configure:8023: warning: `sys_nerr' is deprecated; use `strerror' or `strerror_r' instead
configure:8033: $? = 0
configure:8036: test -s conftest
configure:8039: $? = 0
configure:8050: result: yes
configure:8063: checking if external sys_errlist is declared
configure:8088: gcc -c -g -O2 -D_DEFAULT_SOURCE -D_XOPEN_SOURCE=700 conftest.c >&5
configure: In function 'main':
configure:8081:9: warning: cast from pointer to integer of different size [-Wpointer-to-int-cast]
 {
         ^
configure:8091: $? = 0
configure:8094: test -s conftest.o
configure:8097: $? = 0
configure:8108: result: yes
configure:8123: checking if external sys_errlist exists
configure:8145: gcc -o conftest -g -O2 -D_DEFAULT_SOURCE -D_XOPEN_SOURCE=700  conftest.c -ltermcap >&5
/usr/bin/ld: /tmp/cco6eZHU.o: in function `main':
/home/wjk/Code/NeXTerm/xterm-337/configure:8138: warning: `sys_errlist' is deprecated; use `strerror' or `strerror_r' instead
configure:8148: $? = 0
configure:8151: test -s conftest
configure:8154: $? = 0
configure:8165: result: yes
configure:8185: checking for termios.h
configure:8220: result: yes
configure:8185: checking for stdlib.h
configure:8220: result: yes
configure:8185: checking for X11/Intrinsic.h
configure:8195: gcc -E -D_DEFAULT_SOURCE -D_XOPEN_SOURCE=700 conftest.c
configure:8201: $? = 0
configure:8220: result: yes
configure:8230: checking if we should define SYSV
configure:8281: gcc -c -g -O2 -D_DEFAULT_SOURCE -D_XOPEN_SOURCE=700 conftest.c >&5
configure:8256:10: fatal error: sys/termio.h: No such file or directory
 #include <errno.h>  /* declare sys_errlist on older systems */
          ^~~~~~~~~~~~~~
compilation terminated.
configure:8284: $? = 1
configure: failed program was:
#line 8237 "configure"
#include "confdefs.h"

#undef  SYSV
#define SYSV 1			/* get Xos.h to declare sys_errlist[] */
#ifdef HAVE_STDLIB_H
#include <stdlib.h>		/* look for wchar_t */
#endif
#ifdef HAVE_X11_INTRINSIC_H
#include <X11/Intrinsic.h>	/* Intrinsic.h has other traps... */
#endif
#ifdef HAVE_TERMIOS_H		/* needed for HPUX 10.20 */
#include <termios.h>
#define STRUCT_TERMIOS struct termios
#else
#define STRUCT_TERMIOS struct termio
#endif
#include <curses.h>
#include <term.h>		/* eliminate most BSD hacks */
#include <errno.h>		/* declare sys_errlist on older systems */
#include <sys/termio.h>		/* eliminate most of the remaining ones */

int
main (void)
{

static STRUCT_TERMIOS d_tio;
	d_tio.c_cc[VINTR] = 0;
	d_tio.c_cc[VQUIT] = 0;
	d_tio.c_cc[VERASE] = 0;
	d_tio.c_cc[VKILL] = 0;
	d_tio.c_cc[VEOF] = 0;
	d_tio.c_cc[VEOL] = 0;
	d_tio.c_cc[VMIN] = 0;
	d_tio.c_cc[VTIME] = 0;
#if defined(HAVE_SYS_ERRLIST) && !defined(DECL_SYS_ERRLIST)
sys_errlist[0] = "";		/* Cygwin mis-declares this */
#endif

  ;
  return 0;
}
configure:8301: result: no
configure:8308: checking for elf_begin in -lelf
configure:8335: gcc -o conftest -g -O2 -D_DEFAULT_SOURCE -D_XOPEN_SOURCE=700  conftest.c -lelf  -ltermcap >&5
configure:8338: $? = 0
configure:8341: test -s conftest
configure:8344: $? = 0
configure:8355: result: yes
configure:8359: checking if this is an SVR4 system
configure:8395: gcc -c -g -O2 -D_DEFAULT_SOURCE -D_XOPEN_SOURCE=700 conftest.c >&5
configure:8372:10: fatal error: sys/termio.h: No such file or directory
 #include <elf.h>
          ^~~~~~~       
compilation terminated.
configure:8398: $? = 1
configure: failed program was:
#line 8366 "configure"
#include "confdefs.h"

#if defined(__CYGWIN__)
make an error
#endif
#include <elf.h>
#include <sys/termio.h>

int
main (void)
{

static struct termio d_tio;
	d_tio.c_cc[VINTR] = 0;
	d_tio.c_cc[VQUIT] = 0;
	d_tio.c_cc[VERASE] = 0;
	d_tio.c_cc[VKILL] = 0;
	d_tio.c_cc[VEOF] = 0;
	d_tio.c_cc[VEOL] = 0;
	d_tio.c_cc[VMIN] = 0;
	d_tio.c_cc[VTIME] = 0;
	d_tio.c_cc[VLNEXT] = 0;

  ;
  return 0;
}
configure:8415: result: no
configure:8425: checking for X
configure:8526: gcc -E -D_DEFAULT_SOURCE -D_XOPEN_SOURCE=700 conftest.c
configure:8532: $? = 0
configure:8577: gcc -o conftest -g -O2 -D_DEFAULT_SOURCE -D_XOPEN_SOURCE=700  conftest.c -lXt -ltermcap >&5
configure:8580: $? = 0
configure:8583: test -s conftest
configure:8586: $? = 0
configure:8634: result: libraries , headers 
configure:8773: gcc -o conftest -g -O2 -D_DEFAULT_SOURCE -D_XOPEN_SOURCE=700  conftest.c -ltermcap  -lX11 >&5
configure:8776: $? = 0
configure:8779: test -s conftest
configure:8782: $? = 0
configure:8908: checking for gethostbyname
configure:8945: gcc -o conftest -g -O2 -D_DEFAULT_SOURCE -D_XOPEN_SOURCE=700  conftest.c -ltermcap >&5
configure:8948: $? = 0
configure:8951: test -s conftest
configure:8954: $? = 0
configure:8964: result: yes
configure:9085: checking for connect
configure:9122: gcc -o conftest -g -O2 -D_DEFAULT_SOURCE -D_XOPEN_SOURCE=700  conftest.c -ltermcap >&5
configure:9125: $? = 0
configure:9128: test -s conftest
configure:9131: $? = 0
configure:9141: result: yes
configure:9201: checking for remove
configure:9238: gcc -o conftest -g -O2 -D_DEFAULT_SOURCE -D_XOPEN_SOURCE=700  conftest.c -ltermcap >&5
configure:9241: $? = 0
configure:9244: test -s conftest
configure:9247: $? = 0
configure:9257: result: yes
configure:9317: checking for shmat
configure:9354: gcc -o conftest -g -O2 -D_DEFAULT_SOURCE -D_XOPEN_SOURCE=700  conftest.c -ltermcap >&5
configure:9357: $? = 0
configure:9360: test -s conftest
configure:9363: $? = 0
configure:9373: result: yes
configure:9442: checking for IceConnectionNumber in -lICE
configure:9469: gcc -o conftest -g -O2 -D_DEFAULT_SOURCE -D_XOPEN_SOURCE=700  conftest.c -lICE  -ltermcap >&5
configure:9472: $? = 0
configure:9475: test -s conftest
configure:9478: $? = 0
configure:9489: result: yes
configure:9499: checking if you want to use pkg-config
configure:9509: result: yes
configure:9561: checking for pkg-config
configure:9578: found /usr/bin/pkg-config
configure:9590: result: /usr/bin/pkg-config
configure:10211: testing found package xt ...
configure:10217: testing package xt CFLAGS:  ...
configure:10221: testing package xt LIBS: -lXt -lX11 ...
configure:10546: checking for usable X Toolkit package
configure:10568: gcc -o conftest -g -O2 -D_DEFAULT_SOURCE -D_XOPEN_SOURCE=700  conftest.c -lXt -lX11 -ltermcap >&5
/usr/bin/ld: /tmp/ccRSEZgS.o: undefined reference to symbol 'IceConnectionNumber'
/usr/bin/ld: //usr/lib/x86_64-linux-gnu/libICE.so.6: error adding symbols: DSO missing from command line
collect2: error: ld returned 1 exit status
configure:10571: $? = 1
configure: failed program was:
#line 10553 "configure"
#include "confdefs.h"

#include <X11/Shell.h>

int
main (void)
{
int num = IceConnectionNumber(0)

  ;
  return 0;
}
configure:10587: result: no
configure:10601: testing work around broken ICE dependency ...
configure:10606: testing found package ice ...
configure:10612: testing package ice CFLAGS:  ...
configure:10616: testing package ice LIBS: -lICE ...
configure:10735: testing found package sm ...
configure:10741: testing package sm CFLAGS:  ...
configure:10745: testing package sm LIBS: -lSM ...
configure:11333: checking for X11/DECkeysym.h
configure:11343: gcc -E -D_DEFAULT_SOURCE -D_XOPEN_SOURCE=700 conftest.c
configure:11349: $? = 0
configure:11368: result: yes
configure:11333: checking for X11/Sunkeysym.h
configure:11343: gcc -E -D_DEFAULT_SOURCE -D_XOPEN_SOURCE=700 conftest.c
configure:11349: $? = 0
configure:11368: result: yes
configure:11333: checking for X11/XF86keysym.h
configure:11343: gcc -E -D_DEFAULT_SOURCE -D_XOPEN_SOURCE=700 conftest.c
configure:11349: $? = 0
configure:11368: result: yes
configure:11333: checking for X11/XKBlib.h
configure:11343: gcc -E -D_DEFAULT_SOURCE -D_XOPEN_SOURCE=700 conftest.c
configure:11349: $? = 0
configure:11368: result: yes
configure:11333: checking for X11/TranslateI.h
configure:11343: gcc -E -D_DEFAULT_SOURCE -D_XOPEN_SOURCE=700 conftest.c
configure:11349: $? = 0
configure:11368: result: yes
configure:11333: checking for X11/Xpoll.h
configure:11343: gcc -E -D_DEFAULT_SOURCE -D_XOPEN_SOURCE=700 conftest.c
configure:11349: $? = 0
configure:11368: result: yes
configure:11333: checking for X11/extensions/XKB.h
configure:11343: gcc -E -D_DEFAULT_SOURCE -D_XOPEN_SOURCE=700 conftest.c
configure:11349: $? = 0
configure:11368: result: yes
configure:11383: checking if you want to use the Xpm library for colored icon
configure:11393: result: yes
configure:11401: checking for X11/xpm.h
configure:11411: gcc -E -D_DEFAULT_SOURCE -D_XOPEN_SOURCE=700 conftest.c
configure:11417: $? = 0
configure:11436: result: yes
configure:11440: checking for XpmCreatePixmapFromData in -lXpm
configure:11467: gcc -o conftest -g -O2 -D_DEFAULT_SOURCE -D_XOPEN_SOURCE=700  conftest.c -lXpm -lX11  -lSM -lICE -lXt -lX11 -ltermcap >&5
configure:11470: $? = 0
configure:11473: test -s conftest
configure:11476: $? = 0
configure:11487: result: yes
configure:11507: checking if you want to use the Xinerama extension
configure:11517: result: yes
configure:11524: testing found package xinerama ...
configure:11530: testing package xinerama CFLAGS:  ...
configure:11534: testing package xinerama LIBS: -lXinerama ...
configure:11783: checking if you want to link with Xaw 3d library
configure:11797: result: no
configure:11801: checking if you want to link with Xaw 3d xft library
configure:11815: result: no
configure:11819: checking if you want to link with neXT Athena library
configure:11830: result: yes
configure:11837: checking if you want to link with Athena-Plus library
configure:11851: result: no
configure:12395: checking for XextCreateExtension in -lXext
configure:12422: gcc -o conftest -g -O2 -D_DEFAULT_SOURCE -D_XOPEN_SOURCE=700  conftest.c -lXext  -lXinerama -lXpm -lSM -lICE -lXt -lX11 -ltermcap >&5
configure:12425: $? = 0
configure:12428: test -s conftest
configure:12431: $? = 0
configure:12442: result: yes
configure:13030: testing found package xt ...
configure:13036: testing package xt CFLAGS:  ...
configure:13040: testing package xt LIBS: -lXt -lX11 ...
configure:13365: checking for usable X Toolkit package
configure:13406: result: no
configure:14162: checking for X11/neXtaw/SimpleMenu.h
configure:14180: gcc -c -g -O2 -D_DEFAULT_SOURCE -D_XOPEN_SOURCE=700 conftest.c >&5
configure:14183: $? = 0
configure:14186: test -s conftest.o
configure:14189: $? = 0
configure:14198: result: yes
configure:14279: checking for XawSimpleMenuAddGlobalActions in -lneXtaw -lXmu
configure:14299: gcc -o conftest -g -O2 -D_DEFAULT_SOURCE -D_XOPEN_SOURCE=700  conftest.c -lneXtaw -lXmu -lXt -lX11 -lXext -lXinerama -lXpm -lSM -lICE -ltermcap >&5
configure:14302: $? = 0
configure:14305: test -s conftest
configure:14308: $? = 0
configure:14317: result: yes
configure:14347: checking for X11/Xpoll.h
configure:14382: result: yes
configure:14392: checking for declaration of fd_set
configure:14398: testing sys/types alone ...
configure:14414: gcc -c -g -O2 -D_DEFAULT_SOURCE -D_XOPEN_SOURCE=700 conftest.c >&5
configure:14417: $? = 0
configure:14420: test -s conftest.o
configure:14423: $? = 0
configure:14504: result: sys/types.h
configure:14514: checking for declaration of fd_mask
configure:14593: result: sys/types.h
configure:14603: checking for IRIX 6.5 baud-rate redefinitions
configure:14628: gcc -c -g -O2 -D_DEFAULT_SOURCE -D_XOPEN_SOURCE=700 conftest.c >&5
configure:14613:10: fatal error: sys/termio.h: No such file or directory
 #include <sys/types.h>
          ^~~~~~~~~~~~~ 
compilation terminated.
configure:14631: $? = 1
configure: failed program was:
#line 14610 "configure"
#include "confdefs.h"

#include <sys/types.h>
#include <sys/termio.h>
int
main (void)
{

struct termio foo;
foo.c_ispeed = B38400;
foo.c_ospeed = B9600;

  ;
  return 0;
}
configure:14649: result: no
configure:14657: checking for XcursorGetTheme in -lXcursor
configure:14684: gcc -o conftest -g -O2 -D_DEFAULT_SOURCE -D_XOPEN_SOURCE=700  conftest.c -lXcursor  -lneXtaw -lXmu -lXt -lX11 -lXext -lXinerama -lXpm -lSM -lICE -ltermcap >&5
configure:14687: $? = 0
configure:14690: test -s conftest
configure:14693: $? = 0
configure:14704: result: yes
configure:14720: checking for stropts.h
configure:14730: gcc -E -D_DEFAULT_SOURCE -D_XOPEN_SOURCE=700 conftest.c
configure:14736: $? = 0
configure:14755: result: yes
configure:14785: checking for grantpt
configure:14822: gcc -o conftest -g -O2 -D_DEFAULT_SOURCE -D_XOPEN_SOURCE=700  conftest.c -lneXtaw -lXmu -lXt -lX11 -lXext -lXinerama -lXpm -lSM -lICE -ltermcap  >&5
configure:14825: $? = 0
configure:14828: test -s conftest
configure:14831: $? = 0
configure:14841: result: yes
configure:14785: checking for ptsname
configure:14822: gcc -o conftest -g -O2 -D_DEFAULT_SOURCE -D_XOPEN_SOURCE=700  conftest.c -lneXtaw -lXmu -lXt -lX11 -lXext -lXinerama -lXpm -lSM -lICE -ltermcap  >&5
configure:14825: $? = 0
configure:14828: test -s conftest
configure:14831: $? = 0
configure:14841: result: yes
configure:14785: checking for posix_openpt
configure:14822: gcc -o conftest -g -O2 -D_DEFAULT_SOURCE -D_XOPEN_SOURCE=700  conftest.c -lneXtaw -lXmu -lXt -lX11 -lXext -lXinerama -lXpm -lSM -lICE -ltermcap  >&5
configure:14825: $? = 0
configure:14828: test -s conftest
configure:14831: $? = 0
configure:14841: result: yes
configure:14853: checking if grantpt really works
configure:14954: gcc -o conftest -g -O2 -D_DEFAULT_SOURCE -D_XOPEN_SOURCE=700  conftest.c -lneXtaw -lXmu -lXt -lX11 -lXext -lXinerama -lXpm -lSM -lICE -ltermcap  >&5
configure: In function 'failed':
configure:14876:2: warning: implicit declaration of function 'perror'; did you mean 'errno'? [-Wimplicit-function-declaration]
 {
  ^     
  errno
configure:14957: $? = 0
configure:14960: test -s conftest
configure:14963: $? = 0
configure:15066: gcc -o conftest -g -O2 -D_DEFAULT_SOURCE -D_XOPEN_SOURCE=700  conftest.c -lneXtaw -lXmu -lXt -lX11 -lXext -lXinerama -lXpm -lSM -lICE -ltermcap  >&5
configure: In function 'failed':
configure:14990:2: warning: implicit declaration of function 'perror'; did you mean 'errno'? [-Wimplicit-function-declaration]
 {
  ^     
  errno
configure:15069: $? = 0
configure:15071: ./conftest
configure:15074: $? = 0
configure:15093: result: yes
configure:15099: checking for pty features
configure:15115: testing pty feature test 1:5 ...
configure:15221: gcc -o conftest -g -O2 -D_DEFAULT_SOURCE -D_XOPEN_SOURCE=700  conftest.c -lneXtaw -lXmu -lXt -lX11 -lXext -lXinerama -lXpm -lSM -lICE -ltermcap  >&5
configure: In function 'failed':
configure:15145:2: warning: implicit declaration of function 'perror'; did you mean 'errno'? [-Wimplicit-function-declaration]
 {
  ^     
  errno
configure:15224: $? = 0
configure:15226: ./conftest
conftest: Inappropriate ioctl for device
configure:15229: $? = 10
configure: program exited with status 10
configure: failed program was:
#line 15123 "configure"
#include "confdefs.h"
#define CONFTEST 0


#include <stdlib.h>
#include <termios.h>
#include <unistd.h>
#include <signal.h>
#include <fcntl.h>
#include <errno.h>

#ifndef HAVE_POSIX_OPENPT
#undef posix_openpt
#define posix_openpt(mode) open("/dev/ptmx", mode)
#endif

#ifdef HAVE_STROPTS_H
#include <stropts.h>
#endif

static void failed(int code)
{
	perror("conftest");
	exit(code);
}

static void my_timeout(int sig)
{
	exit(99);
}

int main(void)
{

	int code = 0;
	int rc;
	int pty;
	int tty;
	char *slave;
	struct termios tio;

	signal(SIGALRM, my_timeout);

	if (alarm(2) == 9)
		failed(9);
	else if ((pty = posix_openpt(O_RDWR)) < 0)
		failed(1);
	else if ((rc = grantpt(pty)) < 0)
		failed(2);
	else if ((rc = unlockpt(pty)) < 0)
		failed(3);
	else if ((slave = ptsname(pty)) == 0)
		failed(4);
#if (CONFTEST == 3) || defined(CONFTEST_isatty)
	else if (!isatty(pty))
		failed(4);
#endif
#if CONFTEST >= 4
    else if ((rc = tcgetattr(pty, &tio)) < 0)
		failed(20);
    else if ((rc = tcsetattr(pty, TCSAFLUSH, &tio)) < 0)
		failed(21);
#endif
	/* BSD posix_openpt does not treat pty as a terminal until slave is opened.
	 * Linux does treat it that way.
	 */
	else if ((tty = open(slave, O_RDWR)) < 0)
		failed(5);
#ifdef CONFTEST
#ifdef I_PUSH
#if (CONFTEST == 0) || defined(CONFTEST_ptem)
    else if ((rc = ioctl(tty, I_PUSH, "ptem")) < 0)
		failed(10);
#endif
#if (CONFTEST == 1) || defined(CONFTEST_ldterm)
    else if ((rc = ioctl(tty, I_PUSH, "ldterm")) < 0)
		failed(11);
#endif
#if (CONFTEST == 2) || defined(CONFTEST_ttcompat)
    else if ((rc = ioctl(tty, I_PUSH, "ttcompat")) < 0)
		failed(12);
#endif
#endif /* I_PUSH */
#if CONFTEST >= 5
    else if ((rc = tcgetattr(tty, &tio)) < 0)
		failed(30);
    else if ((rc = tcsetattr(tty, TCSAFLUSH, &tio)) < 0)
		failed(31);
#endif
#endif /* CONFTEST */

	return(code);

}

configure:15261: testing skipping remaining streams features 0..2 ...
configure:15115: testing pty feature test 4:5 ...
configure:15221: gcc -o conftest -g -O2 -D_DEFAULT_SOURCE -D_XOPEN_SOURCE=700  conftest.c -lneXtaw -lXmu -lXt -lX11 -lXext -lXinerama -lXpm -lSM -lICE -ltermcap  >&5
configure: In function 'failed':
configure:15145:2: warning: implicit declaration of function 'perror'; did you mean 'errno'? [-Wimplicit-function-declaration]
 {
  ^     
  errno
configure:15224: $? = 0
configure:15226: ./conftest
configure:15229: $? = 0
configure:15115: testing pty feature test 5:5 ...
configure:15221: gcc -o conftest -g -O2 -D_DEFAULT_SOURCE -D_XOPEN_SOURCE=700  conftest.c -lneXtaw -lXmu -lXt -lX11 -lXext -lXinerama -lXpm -lSM -lICE -ltermcap  >&5
configure: In function 'failed':
configure:15147:2: warning: implicit declaration of function 'perror'; did you mean 'errno'? [-Wimplicit-function-declaration]
  exit(code);
  ^~~~~~
  errno
configure:15224: $? = 0
configure:15226: ./conftest
configure:15229: $? = 0
configure:15115: testing pty feature test 6:5 ...
configure:15221: gcc -o conftest -g -O2 -D_DEFAULT_SOURCE -D_XOPEN_SOURCE=700  conftest.c -lneXtaw -lXmu -lXt -lX11 -lXext -lXinerama -lXpm -lSM -lICE -ltermcap  >&5
configure: In function 'failed':
configure:15149:2: warning: implicit declaration of function 'perror'; did you mean 'errno'? [-Wimplicit-function-declaration]
 
  ^     
  errno
configure:15224: $? = 0
configure:15226: ./conftest
configure:15229: $? = 0
configure:15280: result:  pty_isatty pty_tcsetattr tty_tcsetattr
configure:15293: checking for openpty in -lutil
configure:15320: gcc -o conftest -g -O2 -D_DEFAULT_SOURCE -D_XOPEN_SOURCE=700  conftest.c -lutil  -lneXtaw -lXmu -lXt -lX11 -lXext -lXinerama -lXpm -lSM -lICE -ltermcap  >&5
configure:15323: $? = 0
configure:15326: test -s conftest
configure:15329: $? = 0
configure:15340: result: yes
configure:15363: checking for util.h
configure:15373: gcc -E -D_DEFAULT_SOURCE -D_XOPEN_SOURCE=700 conftest.c
configure:15370:10: fatal error: util.h: No such file or directory
 #include "confdefs.h"
          ^~~~~~~~
compilation terminated.
configure:15379: $? = 1
configure: failed program was:
#line 15369 "configure"
#include "confdefs.h"
#include <util.h>
configure:15398: result: no
configure:15363: checking for libutil.h
configure:15373: gcc -E -D_DEFAULT_SOURCE -D_XOPEN_SOURCE=700 conftest.c
configure:15370:10: fatal error: libutil.h: No such file or directory
 #include "confdefs.h"
          ^~~~~~~~~~~
compilation terminated.
configure:15379: $? = 1
configure: failed program was:
#line 15369 "configure"
#include "confdefs.h"
#include <libutil.h>
configure:15398: result: no
configure:15363: checking for pty.h
configure:15373: gcc -E -D_DEFAULT_SOURCE -D_XOPEN_SOURCE=700 conftest.c
configure:15379: $? = 0
configure:15398: result: yes
configure:15441: testing will rely upon openpty ...
configure:15445: checking if we can use XkbQueryExtension
configure:15481: gcc -c -g -O2 -D_DEFAULT_SOURCE -D_XOPEN_SOURCE=700 conftest.c >&5
configure:15484: $? = 0
configure:15487: test -s conftest.o
configure:15490: $? = 0
configure:15505: result: yes
configure:15514: checking for XkbQueryExtension
configure:15551: gcc -o conftest -g -O2 -D_DEFAULT_SOURCE -D_XOPEN_SOURCE=700  conftest.c -lutil -lneXtaw -lXmu -lXt -lX11 -lXext -lXinerama -lXpm -lSM -lICE -ltermcap  >&5
configure:15554: $? = 0
configure:15557: test -s conftest
configure:15560: $? = 0
configure:15570: result: yes
configure:15582: checking if we can use XkbKeycodeToKeysym
configure:15606: gcc -c -g -O2 -D_DEFAULT_SOURCE -D_XOPEN_SOURCE=700 conftest.c >&5
configure:15609: $? = 0
configure:15612: test -s conftest.o
configure:15615: $? = 0
configure:15630: result: yes
configure:15639: checking for XkbKeycodeToKeysym
configure:15676: gcc -o conftest -g -O2 -D_DEFAULT_SOURCE -D_XOPEN_SOURCE=700  conftest.c -lutil -lneXtaw -lXmu -lXt -lX11 -lXext -lXinerama -lXpm -lSM -lICE -ltermcap  >&5
configure:15679: $? = 0
configure:15682: test -s conftest
configure:15685: $? = 0
configure:15695: result: yes
configure:15707: checking for XKB Bell extension
configure:15734: gcc -o conftest -g -O2 -D_DEFAULT_SOURCE -D_XOPEN_SOURCE=700  conftest.c -lutil -lneXtaw -lXmu -lXt -lX11 -lXext -lXinerama -lXpm -lSM -lICE -ltermcap  >&5
configure: In function 'main':
configure:15726:24: warning: passing argument 2 of 'XkbBell' makes integer from pointer without a cast [-Wint-conversion]
  Atom y;
                        ^        
In file included from configure:15717:
/usr/include/X11/XKBlib.h:457:2: note: expected 'Window' {aka 'long unsigned int'} but argument is of type 'struct _WidgetRec *'
  Window   /* win */,
  ^~~~~~
configure:15737: $? = 0
configure:15740: test -s conftest
configure:15743: $? = 0
configure:15754: result: yes
configure:15764: checking for Xutf8LookupString
configure:15801: gcc -o conftest -g -O2 -D_DEFAULT_SOURCE -D_XOPEN_SOURCE=700  conftest.c -lutil -lneXtaw -lXmu -lXt -lX11 -lXext -lXinerama -lXpm -lSM -lICE -ltermcap  >&5
configure:15804: $? = 0
configure:15807: test -s conftest
configure:15810: $? = 0
configure:15820: result: yes
configure:15836: checking if you want narrow prototypes for X libraries
configure:15862: result: yes
configure:15865: checking if we should use imake to help
configure:15882: result: yes
configure:15891: checking for xmkmf
configure:15908: found /usr/bin/xmkmf
configure:15919: result: /usr/bin/xmkmf
configure:15982: testing Using /usr/bin/xmkmf  ...
configure:16077: testing IMAKE_CFLAGS  -I. -Dlinux -D__amd64__ -D_POSIX_C_SOURCE=199309L -D_POSIX_SOURCE -D_XOPEN_SOURCE -D_BSD_SOURCE -D_SVID_SOURCE -D_LARGEFILE_SOURCE -D_FILE_OFFSET_BITS=64 -DFUNCPROTO=15 -DNARROWPROTO -DUSE_TERMINFO -DHAVE_TIGETSTR -DHAVE_TERM_H -DSCROLLBAR_RIGHT -DOPT_WIDE_CHARS -DOPT_LUIT_PROG -DPROJECTROOT='"/usr"' -D_DEFAULT_SOURCE -U_XOPEN_SOURCE -D_XOPEN_SOURCE=600 -DUTMP -DUSE_TTY_GROUP -DOSMAJORVERSION=4 -DOSMINORVERSION=17 -D__vendorversion__='"Version 7.7.0 X.Org"'  ...
configure:16081: testing IMAKE_LOADFLAGS  ...
configure:16337: checking for groff
configure:16354: found /usr/bin/groff
configure:16366: result: /usr/bin/groff
configure:16377: checking for nroff
configure:16394: found /usr/bin/nroff
configure:16405: result: /usr/bin/nroff
configure:16418: checking for tbl
configure:16435: found /usr/bin/tbl
configure:16447: result: /usr/bin/tbl
configure:16470: checking for man2html
configure:16499: result: no
configure:16526: checking for program to convert manpage to html
configure:16585: result: /usr/bin/groff
configure:16734: testing removing terminfo flags from IMAKE_CFLAGS ...
configure:16739: testing ...result  -I. -Dlinux -D__amd64__ -D_POSIX_C_SOURCE=199309L -D_POSIX_SOURCE -D_XOPEN_SOURCE -D_BSD_SOURCE -D_SVID_SOURCE -D_LARGEFILE_SOURCE -D_FILE_OFFSET_BITS=64 -DFUNCPROTO=15 -DNARROWPROTO -DHAVE_TERM_H -DSCROLLBAR_RIGHT -DOPT_WIDE_CHARS -DOPT_LUIT_PROG -DPROJECTROOT='"/usr"' -D_DEFAULT_SOURCE -U_XOPEN_SOURCE -D_XOPEN_SOURCE=600 -DUTMP -DUSE_TTY_GROUP -DOSMAJORVERSION=4 -DOSMINORVERSION=17 -D__vendorversion__='"Version 7.7.0 X.Org"'  ...
configure:16743: testing removing terminfo flags from CPPFLAGS ...
configure:16748: testing ...result   -I. -Dlinux -D__amd64__ -D_POSIX_C_SOURCE=199309L -D_POSIX_SOURCE -D_XOPEN_SOURCE -D_BSD_SOURCE -D_SVID_SOURCE -D_LARGEFILE_SOURCE -D_FILE_OFFSET_BITS=64 -DFUNCPROTO=15 -DNARROWPROTO -DHAVE_TERM_H -DSCROLLBAR_RIGHT -DOPT_WIDE_CHARS -DOPT_LUIT_PROG -D_DEFAULT_SOURCE -U_XOPEN_SOURCE -D_XOPEN_SOURCE=600 -DUTMP -DUSE_TTY_GROUP -DOSMAJORVERSION=4 -DOSMINORVERSION=17 ...
configure:16754: checking for default terminal-id
configure:16764: result: vt420
configure:16775: checking for default terminal-type
configure:16785: result: xterm
configure:16793: checking if backarrow-key should be BS
configure:16811: result: yes
configure:16832: checking if backarrow-key should be treated as erase
configure:16850: result: no
configure:16871: checking for default backspace/DEL setting
configure:16882: result: maybe
configure:16903: checking for default pty initial erase setting
configure:16914: result: False
configure:16935: checking if alt should send ESC
configure:16953: result: no
configure:16974: checking if meta should send ESC
configure:16992: result: no
configure:17016: checking for tic
configure:17031: found /usr/bin/tic
configure:17040: result: yes
configure:17048: checking for private terminfo-directory
configure:17058: result: none
configure:17113: checking if you want active-icons
configure:17130: result: yes
configure:17140: checking if you want ANSI color
configure:17157: result: yes
configure:17166: checking if you want 16 colors like aixterm
configure:17183: result: yes
configure:17190: checking if you want 256 colors
configure:17207: result: yes
configure:17219: checking if you want direct-color support
configure:17236: result: yes
configure:17281: checking if you want blinking cursor
configure:17298: result: yes
configure:17305: checking if you want to ignore Linux's broken palette-strings
configure:17329: result: yes
configure:17345: checking if you want to allow broken string-terminators
configure:17362: result: yes
configure:17369: checking if you want to compile-in icon data
configure:17386: result: no
configure:17393: checking if you want printable 128-159
configure:17410: result: yes
configure:17419: checking if you want bold colors mapped like IBM PC
configure:17436: result: yes
configure:17443: checking if you want separate color-classes
configure:17460: result: yes
configure:17467: checking if you want color-mode enabled by default
configure:17484: result: yes
configure:17493: checking if you want support for color highlighting
configure:17510: result: yes
configure:17517: checking if you want support for doublesize characters
configure:17534: result: yes
configure:17541: checking if you want fallback-support for box characters
configure:17558: result: yes
configure:17565: checking if you want to allow spawning new xterms
configure:17582: result: no
configure:17624: checking if you want to use double-buffering
configure:17641: result: no
configure:17863: checking if you want to use FreeType library
configure:17880: result: yes
configure:17890: checking for FreeType configuration script
configure:17902: result: auto
configure:18082: checking for FreeType config
configure:18084: result: /usr/bin/pkg-config xft
configure:18088: checking for /usr/bin/pkg-config cflags
configure:18091: result: -I/usr/include/uuid -I/usr/include/freetype2 -I/usr/include/libpng16
configure:18096: checking for /usr/bin/pkg-config libs
configure:18099: result:  -lXft
configure:18112: checking if we can link with FreeType libraries
configure:18153: gcc -o conftest -g -O2   -I. -Dlinux -D__amd64__ -D_POSIX_C_SOURCE=199309L -D_POSIX_SOURCE -D_XOPEN_SOURCE -D_BSD_SOURCE -D_SVID_SOURCE -D_LARGEFILE_SOURCE -D_FILE_OFFSET_BITS=64 -DFUNCPROTO=15 -DNARROWPROTO -DHAVE_TERM_H -DSCROLLBAR_RIGHT -DOPT_WIDE_CHARS -DOPT_LUIT_PROG -D_DEFAULT_SOURCE -U_XOPEN_SOURCE -D_XOPEN_SOURCE=600 -DUTMP -DUSE_TTY_GROUP -DOSMAJORVERSION=4 -DOSMINORVERSION=17 -I/usr/include/uuid -I/usr/include/freetype2 -I/usr/include/libpng16  conftest.c  -lXft -lutil -lneXtaw -lXmu -lXt -lX11 -lXext -lXinerama -lXpm -lSM -lICE -ltermcap >&5
configure:18156: $? = 0
configure:18159: test -s conftest
configure:18162: $? = 0
configure:18171: result: yes
configure:18304: checking for XftDrawCharSpec
configure:18341: gcc -o conftest -g -O2   -I. -Dlinux -D__amd64__ -D_POSIX_C_SOURCE=199309L -D_POSIX_SOURCE -D_XOPEN_SOURCE -D_BSD_SOURCE -D_SVID_SOURCE -D_LARGEFILE_SOURCE -D_FILE_OFFSET_BITS=64 -DFUNCPROTO=15 -DNARROWPROTO -DHAVE_TERM_H -DSCROLLBAR_RIGHT -DOPT_WIDE_CHARS -DOPT_LUIT_PROG -D_DEFAULT_SOURCE -U_XOPEN_SOURCE -D_XOPEN_SOURCE=600 -DUTMP -DUSE_TTY_GROUP -DOSMAJORVERSION=4 -DOSMINORVERSION=17 -I/usr/include/uuid -I/usr/include/freetype2 -I/usr/include/libpng16  conftest.c  -lXft -lutil -lneXtaw -lXmu -lXt -lX11 -lXext -lXinerama -lXpm -lSM -lICE -ltermcap >&5
configure:18344: $? = 0
configure:18347: test -s conftest
configure:18350: $? = 0
configure:18360: result: yes
configure:18304: checking for XftDrawSetClip
configure:18341: gcc -o conftest -g -O2   -I. -Dlinux -D__amd64__ -D_POSIX_C_SOURCE=199309L -D_POSIX_SOURCE -D_XOPEN_SOURCE -D_BSD_SOURCE -D_SVID_SOURCE -D_LARGEFILE_SOURCE -D_FILE_OFFSET_BITS=64 -DFUNCPROTO=15 -DNARROWPROTO -DHAVE_TERM_H -DSCROLLBAR_RIGHT -DOPT_WIDE_CHARS -DOPT_LUIT_PROG -D_DEFAULT_SOURCE -U_XOPEN_SOURCE -D_XOPEN_SOURCE=600 -DUTMP -DUSE_TTY_GROUP -DOSMAJORVERSION=4 -DOSMINORVERSION=17 -I/usr/include/uuid -I/usr/include/freetype2 -I/usr/include/libpng16  conftest.c  -lXft -lutil -lneXtaw -lXmu -lXt -lX11 -lXext -lXinerama -lXpm -lSM -lICE -ltermcap >&5
configure:18344: $? = 0
configure:18347: test -s conftest
configure:18350: $? = 0
configure:18360: result: yes
configure:18304: checking for XftDrawSetClipRectangles
configure:18341: gcc -o conftest -g -O2   -I. -Dlinux -D__amd64__ -D_POSIX_C_SOURCE=199309L -D_POSIX_SOURCE -D_XOPEN_SOURCE -D_BSD_SOURCE -D_SVID_SOURCE -D_LARGEFILE_SOURCE -D_FILE_OFFSET_BITS=64 -DFUNCPROTO=15 -DNARROWPROTO -DHAVE_TERM_H -DSCROLLBAR_RIGHT -DOPT_WIDE_CHARS -DOPT_LUIT_PROG -D_DEFAULT_SOURCE -U_XOPEN_SOURCE -D_XOPEN_SOURCE=600 -DUTMP -DUSE_TTY_GROUP -DOSMAJORVERSION=4 -DOSMINORVERSION=17 -I/usr/include/uuid -I/usr/include/freetype2 -I/usr/include/libpng16  conftest.c  -lXft -lutil -lneXtaw -lXmu -lXt -lX11 -lXext -lXinerama -lXpm -lSM -lICE -ltermcap >&5
configure:18344: $? = 0
configure:18347: test -s conftest
configure:18350: $? = 0
configure:18360: result: yes
configure:18379: checking for usable Xft/fontconfig package
configure:18405: gcc -o conftest -g -O2   -I. -Dlinux -D__amd64__ -D_POSIX_C_SOURCE=199309L -D_POSIX_SOURCE -D_XOPEN_SOURCE -D_BSD_SOURCE -D_SVID_SOURCE -D_LARGEFILE_SOURCE -D_FILE_OFFSET_BITS=64 -DFUNCPROTO=15 -DNARROWPROTO -DHAVE_TERM_H -DSCROLLBAR_RIGHT -DOPT_WIDE_CHARS -DOPT_LUIT_PROG -D_DEFAULT_SOURCE -U_XOPEN_SOURCE -D_XOPEN_SOURCE=600 -DUTMP -DUSE_TTY_GROUP -DOSMAJORVERSION=4 -DOSMINORVERSION=17 -I/usr/include/uuid -I/usr/include/freetype2 -I/usr/include/libpng16  conftest.c  -lXft -lutil -lneXtaw -lXmu -lXt -lX11 -lXext -lXinerama -lXpm -lSM -lICE -ltermcap >&5
/usr/bin/ld: /tmp/ccAixwsi.o: undefined reference to symbol 'FcPatternBuild'
/usr/bin/ld: //usr/lib/x86_64-linux-gnu/libfontconfig.so.1: error adding symbols: DSO missing from command line
collect2: error: ld returned 1 exit status
configure:18408: $? = 1
configure: failed program was:
#line 18386 "configure"
#include "confdefs.h"

#include <X11/Xft/Xft.h>

int
main (void)
{

	XftPattern *pat;
	XftPatternBuild(pat,
					XFT_FAMILY, XftTypeString, "mono",
					(void *) 0);

  ;
  return 0;
}
configure:18425: result: no
configure:18437: testing work around broken package ...
configure:18444: testing found package fontconfig ...
configure:18450: testing package fontconfig CFLAGS: -I/usr/include/uuid -I/usr/include/freetype2 -I/usr/include/libpng16 ...
configure:18454: testing package fontconfig LIBS: -lfontconfig -lfreetype ...
configure:18672: testing ...before  -lXft -lutil -lneXtaw -lXmu -lXt -lX11 -lXext -lXinerama -lXpm -lSM -lICE -ltermcap ...
configure:18677: testing ...after   -lXft -lfontconfig -lfreetype -lutil -lneXtaw -lXmu -lXt -lX11 -lXext -lXinerama -lXpm -lSM -lICE -ltermcap ...
configure:18703: checking if you want support for HP-style function keys
configure:18720: result: no
configure:18730: checking if you want support for SCO-style function keys
configure:18747: result: no
configure:18757: checking if you want support for Sun-style function keys
configure:18774: result: yes
configure:18784: checking if you want saved-lines stored as a FIFO
configure:18801: result: yes
configure:18811: checking if you want support for internationalization
configure:18828: result: yes
configure:18838: checking if you want support for initial-erase setup
configure:18855: result: yes
configure:18865: checking if you want support for input-method
configure:18882: result: yes
configure:18885: checking if X libraries support input-method
configure:18924: gcc -o conftest -g -O2   -I. -Dlinux -D__amd64__ -D_POSIX_C_SOURCE=199309L -D_POSIX_SOURCE -D_XOPEN_SOURCE -D_BSD_SOURCE -D_SVID_SOURCE -D_LARGEFILE_SOURCE -D_FILE_OFFSET_BITS=64 -DFUNCPROTO=15 -DNARROWPROTO -DHAVE_TERM_H -DSCROLLBAR_RIGHT -DOPT_WIDE_CHARS -DOPT_LUIT_PROG -D_DEFAULT_SOURCE -U_XOPEN_SOURCE -D_XOPEN_SOURCE=600 -DUTMP -DUSE_TTY_GROUP -DOSMAJORVERSION=4 -DOSMINORVERSION=17 -I/usr/include/uuid -I/usr/include/freetype2 -I/usr/include/libpng16 -I/usr/include/uuid -I/usr/include/freetype2 -I/usr/include/uuid -I/usr/include/libpng16  conftest.c  -lXft -lfontconfig -lfreetype -lutil -lneXtaw -lXmu -lXt -lX11 -lXext -lXinerama -lXpm -lSM -lICE -ltermcap >&5
configure:18927: $? = 0
configure:18930: test -s conftest
configure:18933: $? = 0
configure:18943: result: yes
configure:18962: checking if you want support for load-vt-fonts
configure:18979: result: no
configure:18989: checking if you want support for logging
configure:19006: result: no
configure:19042: checking if you want support for iconify/maximize translations
configure:19059: result: yes
configure:19066: checking if you want NumLock to override keyboard tables
configure:19083: result: yes
configure:19090: checking if you want support for get/set of base64 selection data
configure:19107: result: yes
configure:19123: checking if you want support for pty-handshaking
configure:19140: result: yes
configure:19156: checking if you want support for mouse in readline applications
configure:19173: result: no
configure:19183: checking if you want support for regular-expression selections
configure:19200: result: yes
configure:19204: checking if you want to use PCRE2 for regular-expressions
configure:19213: result: no
configure:19507: checking if you want to use PCRE for regular-expressions
configure:19516: result: no
configure:19893: checking for regcomp
configure:19930: gcc -o conftest -g -O2   -I. -Dlinux -D__amd64__ -D_POSIX_C_SOURCE=199309L -D_POSIX_SOURCE -D_XOPEN_SOURCE -D_BSD_SOURCE -D_SVID_SOURCE -D_LARGEFILE_SOURCE -D_FILE_OFFSET_BITS=64 -DFUNCPROTO=15 -DNARROWPROTO -DHAVE_TERM_H -DSCROLLBAR_RIGHT -DOPT_WIDE_CHARS -DOPT_LUIT_PROG -D_DEFAULT_SOURCE -U_XOPEN_SOURCE -D_XOPEN_SOURCE=600 -DUTMP -DUSE_TTY_GROUP -DOSMAJORVERSION=4 -DOSMINORVERSION=17 -I/usr/include/uuid -I/usr/include/freetype2 -I/usr/include/libpng16 -I/usr/include/uuid -I/usr/include/freetype2 -I/usr/include/uuid -I/usr/include/libpng16  conftest.c  -lXft -lfontconfig -lfreetype -lutil -lneXtaw -lXmu -lXt -lX11 -lXext -lXinerama -lXpm -lSM -lICE -ltermcap >&5
configure:19933: $? = 0
configure:19936: test -s conftest
configure:19939: $? = 0
configure:19949: result: yes
configure:20175: checking for regular-expression headers
configure:20246: gcc -o conftest -g -O2   -I. -Dlinux -D__amd64__ -D_POSIX_C_SOURCE=199309L -D_POSIX_SOURCE -D_XOPEN_SOURCE -D_BSD_SOURCE -D_SVID_SOURCE -D_LARGEFILE_SOURCE -D_FILE_OFFSET_BITS=64 -DFUNCPROTO=15 -DNARROWPROTO -DHAVE_TERM_H -DSCROLLBAR_RIGHT -DOPT_WIDE_CHARS -DOPT_LUIT_PROG -D_DEFAULT_SOURCE -U_XOPEN_SOURCE -D_XOPEN_SOURCE=600 -DUTMP -DUSE_TTY_GROUP -DOSMAJORVERSION=4 -DOSMINORVERSION=17 -I/usr/include/uuid -I/usr/include/freetype2 -I/usr/include/libpng16 -I/usr/include/uuid -I/usr/include/freetype2 -I/usr/include/uuid -I/usr/include/libpng16  conftest.c  -lXft -lfontconfig -lfreetype -lutil -lneXtaw -lXmu -lXt -lX11 -lXext -lXinerama -lXpm -lSM -lICE -ltermcap >&5
configure:20249: $? = 0
configure:20252: test -s conftest
configure:20255: $? = 0
configure:20271: result: regex.h
configure:20308: checking if you want support for right-scrollbar
configure:20325: result: yes
configure:20335: checking if you want check for redundant name-change
configure:20352: result: yes
configure:20359: checking if you want support for selection-actions
configure:20376: result: yes
configure:20383: checking if you want support for session management
configure:20400: result: yes
configure:20407: checking if you want to use termcap function-keys
configure:20424: result: yes
configure:20431: checking if you want to use termcap-query/report
configure:20448: result: yes
configure:20455: checking if you want support for tek4014
configure:20472: result: yes
configure:20486: checking if you want pulldown menus with a toolbar
configure:20503: result: no
configure:20513: checking if you want VT52 emulation
configure:20530: result: yes
configure:20537: checking if you want wide-attribute support
configure:20554: result: yes
configure:20563: checking if you want wide-character support
configure:20580: result: yes
configure:20587: checking if you want only 16-bit character support
configure:20604: result: no
configure:20618: checking if you want to use mini-luit/Latin9 built-in support
configure:20635: result: no
configure:20645: checking if you want to use luit
configure:20662: result: yes
configure:20675: checking for xterm-filter
configure:20706: result: no
configure:20675: checking for xterm-filter
configure:20706: result: no
configure:20675: checking for bluit
configure:20706: result: no
configure:20675: checking for luit
configure:20692: found /usr/bin/luit
configure:20703: result: /usr/bin/luit
configure:20765: testing defining path for /usr/bin/luit ...
configure:20789: checking if you want dynamic-abbreviation support
configure:20806: result: no
configure:20816: checking if you want DECterm Locator support
configure:20833: result: no
configure:20843: checking if you want XHTML and SVG screen dump support
configure:20860: result: yes
configure:20872: checking if you want ReGIS graphics support
configure:20889: result: no
configure:20968: checking if you want sixel graphics support
configure:20985: result: no
configure:21009: checking if you want VT420 rectangle support
configure:21026: result: yes
configure:21036: checking if you want -ziconbeep option
configure:21053: result: yes
configure:21062: checking if you want debugging traces
configure:21079: result: no
configure:21091: checking if you want to use dmalloc for testing
configure:21108: result: no
configure:21323: checking if you want to use dbmalloc for testing
configure:21340: result: no
configure:21555: checking if you want to use valgrind for testing
configure:21572: result: no
configure:21685: checking if you want to perform memory-leak testing
configure:21695: result: no
configure:21710: checking if you want to see long compiling messages
configure:21744: result: yes
configure:21747: checking if you want magic cookie emulation
configure:21764: result: no
configure:21779: checking for tigetstr
configure:21816: gcc -o conftest -g -O2   -I. -Dlinux -D__amd64__ -D_POSIX_C_SOURCE=199309L -D_POSIX_SOURCE -D_XOPEN_SOURCE -D_BSD_SOURCE -D_SVID_SOURCE -D_LARGEFILE_SOURCE -D_FILE_OFFSET_BITS=64 -DFUNCPROTO=15 -DNARROWPROTO -DHAVE_TERM_H -DSCROLLBAR_RIGHT -DOPT_WIDE_CHARS -DOPT_LUIT_PROG -D_DEFAULT_SOURCE -U_XOPEN_SOURCE -D_XOPEN_SOURCE=600 -DUTMP -DUSE_TTY_GROUP -DOSMAJORVERSION=4 -DOSMINORVERSION=17 -I/usr/include/uuid -I/usr/include/freetype2 -I/usr/include/libpng16 -I/usr/include/uuid -I/usr/include/freetype2 -I/usr/include/uuid -I/usr/include/libpng16  conftest.c  -lXft -lfontconfig -lfreetype -lutil -lneXtaw -lXmu -lXt -lX11 -lXext -lXinerama -lXpm -lSM -lICE -ltermcap >&5
configure:21819: $? = 0
configure:21822: test -s conftest
configure:21825: $? = 0
configure:21835: result: yes
configure:21850: checking for use_extended_names
configure:21887: gcc -o conftest -g -O2   -I. -Dlinux -D__amd64__ -D_POSIX_C_SOURCE=199309L -D_POSIX_SOURCE -D_XOPEN_SOURCE -D_BSD_SOURCE -D_SVID_SOURCE -D_LARGEFILE_SOURCE -D_FILE_OFFSET_BITS=64 -DFUNCPROTO=15 -DNARROWPROTO -DHAVE_TERM_H -DSCROLLBAR_RIGHT -DOPT_WIDE_CHARS -DOPT_LUIT_PROG -D_DEFAULT_SOURCE -U_XOPEN_SOURCE -D_XOPEN_SOURCE=600 -DUTMP -DUSE_TTY_GROUP -DOSMAJORVERSION=4 -DOSMINORVERSION=17 -I/usr/include/uuid -I/usr/include/freetype2 -I/usr/include/libpng16 -I/usr/include/uuid -I/usr/include/freetype2 -I/usr/include/uuid -I/usr/include/libpng16  conftest.c  -lXft -lfontconfig -lfreetype -lutil -lneXtaw -lXmu -lXt -lX11 -lXext -lXinerama -lXpm -lSM -lICE -ltermcap >&5
configure:21890: $? = 0
configure:21893: test -s conftest
configure:21896: $? = 0
configure:21906: result: yes
configure:21919: checking if you want to turn on gcc warnings
configure:21936: result: no
configure:22331: checking if filesystem supports mixed-case filenames
configure:22358: result: yes
configure:22369: checking for exctags
configure:22395: result: no
configure:22369: checking for ctags
configure:22395: result: no
configure:22406: checking for exetags
configure:22432: result: no
configure:22406: checking for etags
configure:22432: result: no
configure:22441: checking for ctags
configure:22465: result: no
configure:22475: checking for etags
configure:22499: result: no
configure:22523: checking for an rpath option
configure:22554: result: -Wl,-rpath,
configure:22617: checking if rpath-hack should be disabled
configure:22634: result: no
configure:22638: checking for updated LDFLAGS
configure:22641: result: maybe
configure:22648: checking for ldd
configure:22663: found /usr/bin/ldd
configure:22671: result: ldd
configure:22700: gcc -o conftest -g -O2   -I. -Dlinux -D__amd64__ -D_POSIX_C_SOURCE=199309L -D_POSIX_SOURCE -D_XOPEN_SOURCE -D_BSD_SOURCE -D_SVID_SOURCE -D_LARGEFILE_SOURCE -D_FILE_OFFSET_BITS=64 -DFUNCPROTO=15 -DNARROWPROTO -DHAVE_TERM_H    -D_DEFAULT_SOURCE -U_XOPEN_SOURCE -D_XOPEN_SOURCE=600 -DUTMP  -DOSMAJORVERSION=4 -DOSMINORVERSION=17 -I/usr/include/uuid -I/usr/include/freetype2 -I/usr/include/libpng16 -I/usr/include/uuid -I/usr/include/freetype2 -I/usr/include/uuid -I/usr/include/libpng16  conftest.c  -lXft -lfontconfig -lfreetype -lutil -lneXtaw -lXmu -lXt -lX11 -lXext -lXinerama -lXpm -lSM -lICE -ltermcap >&5
configure:22703: $? = 0
configure:22706: test -s conftest
configure:22709: $? = 0
configure:22749: testing ...checking EXTRA_LDFLAGS  ...
configure:22753: testing ...checking LDFLAGS  ...
configure:22803: testing ...checked LDFLAGS  ...
configure:22807: testing ...checking LIBS  -lXft -lfontconfig -lfreetype -lutil -lneXtaw -lXmu -lXt -lX11 -lXext -lXinerama -lXpm -lSM -lICE -ltermcap ...
configure:22857: testing ...checked LIBS  -lXft -lfontconfig -lfreetype -lutil -lneXtaw -lXmu -lXt -lX11 -lXext -lXinerama -lXpm -lSM -lICE -ltermcap ...
configure:22861: testing ...checked EXTRA_LDFLAGS  ...
configure:22959: creating ./config.status

## ----------------------- ##
## Running config.status.  ##
## ----------------------- ##

This file was extended by config.status 2.52.20180819, executed with
  CONFIG_FILES    = 
  CONFIG_HEADERS  = 
  CONFIG_LINKS    = 
  CONFIG_COMMANDS = 
  > ./config.status 
on debian

config.status:23502: creating Makefile
config.status:23502: creating df-install
config.status:23502: creating minstall
config.status:23655: creating xtermcfg.h

## ----------------- ##
## Cache variables.  ##
## ----------------- ##

ac_cv_build='x86_64-pc-linux-gnu'
ac_cv_build_alias='x86_64-pc-linux-gnu'
ac_cv_c_compiler_gnu='yes'
ac_cv_env_CC_set=''
ac_cv_env_CC_value=''
ac_cv_env_CFLAGS_set=''
ac_cv_env_CFLAGS_value=''
ac_cv_env_CPPFLAGS_set=''
ac_cv_env_CPPFLAGS_value=''
ac_cv_env_CPP_set=''
ac_cv_env_CPP_value=''
ac_cv_env_LDFLAGS_set=''
ac_cv_env_LDFLAGS_value=''
ac_cv_env_build_alias_set=''
ac_cv_env_build_alias_value=''
ac_cv_env_host_alias_set=''
ac_cv_env_host_alias_value=''
ac_cv_env_target_alias_set=''
ac_cv_env_target_alias_value=''
ac_cv_func_XftDrawCharSpec='yes'
ac_cv_func_XftDrawSetClip='yes'
ac_cv_func_XftDrawSetClipRectangles='yes'
ac_cv_func_XkbKeycodeToKeysym='yes'
ac_cv_func_XkbQueryExtension='yes'
ac_cv_func_Xutf8LookupString='yes'
ac_cv_func_connect='yes'
ac_cv_func_endusershell='yes'
ac_cv_func_gethostbyname='yes'
ac_cv_func_gethostname='yes'
ac_cv_func_getlogin='yes'
ac_cv_func_getusershell='yes'
ac_cv_func_grantpt='no'
ac_cv_func_initgroups='yes'
ac_cv_func_mkdtemp='yes'
ac_cv_func_posix_openpt='yes'
ac_cv_func_ptsname='yes'
ac_cv_func_putenv='yes'
ac_cv_func_regcomp='yes'
ac_cv_func_remove='yes'
ac_cv_func_sched_yield='yes'
ac_cv_func_setpgid='yes'
ac_cv_func_shmat='yes'
ac_cv_func_strftime='yes'
ac_cv_func_tcgetattr='yes'
ac_cv_func_tigetstr='yes'
ac_cv_func_unsetenv='yes'
ac_cv_func_use_extended_names='yes'
ac_cv_func_waitpid='yes'
ac_cv_func_wcswidth='yes'
ac_cv_func_wcwidth='yes'
ac_cv_have_x='have_x=yes 		ac_x_includes= ac_x_libraries='
ac_cv_header_X11_DECkeysym_h='yes'
ac_cv_header_X11_Intrinsic_h='yes'
ac_cv_header_X11_Sunkeysym_h='yes'
ac_cv_header_X11_TranslateI_h='yes'
ac_cv_header_X11_XF86keysym_h='yes'
ac_cv_header_X11_XKBlib_h='yes'
ac_cv_header_X11_Xpoll_h='yes'
ac_cv_header_X11_extensions_XKB_h='yes'
ac_cv_header_X11_xpm_h='yes'
ac_cv_header_inttypes_h='yes'
ac_cv_header_lastlog_h='yes'
ac_cv_header_libutil_h='no'
ac_cv_header_memory_h='yes'
ac_cv_header_ncurses_curses_h='no'
ac_cv_header_ncurses_term_h='no'
ac_cv_header_paths_h='yes'
ac_cv_header_pty_h='yes'
ac_cv_header_stdc='yes'
ac_cv_header_stdint_h='yes'
ac_cv_header_stdlib_h='yes'
ac_cv_header_string_h='yes'
ac_cv_header_strings_h='yes'
ac_cv_header_stropts_h='yes'
ac_cv_header_sys_param_h='yes'
ac_cv_header_sys_ptem_h='no'
ac_cv_header_sys_stat_h='yes'
ac_cv_header_sys_ttydefaults_h='yes'
ac_cv_header_sys_types_h='yes'
ac_cv_header_sys_wait_h='yes'
ac_cv_header_term_h='yes'
ac_cv_header_termcap_h='yes'
ac_cv_header_termios_h='yes'
ac_cv_header_time='yes'
ac_cv_header_unistd_h='yes'
ac_cv_header_util_h='no'
ac_cv_header_wchar_h='yes'
ac_cv_host='x86_64-pc-linux-gnu'
ac_cv_host_alias='x86_64-pc-linux-gnu'
ac_cv_lib_ICE_IceConnectionNumber='yes'
ac_cv_lib_Xcursor_XcursorGetTheme='yes'
ac_cv_lib_Xext_XextCreateExtension='yes'
ac_cv_lib_Xpm_XpmCreatePixmapFromData='yes'
ac_cv_lib_elf_elf_begin='yes'
ac_cv_lib_util_openpty='yes'
ac_cv_objext='o'
ac_cv_path_GROFF_PATH='/usr/bin/groff'
ac_cv_path_IMAKE='/usr/bin/xmkmf'
ac_cv_path_LUIT='/usr/bin/luit'
ac_cv_path_NROFF_PATH='/usr/bin/nroff'
ac_cv_path_TBL_PATH='/usr/bin/tbl'
ac_cv_path_XTERM_PATH='/usr/bin/xterm'
ac_cv_path_ac_pt_PKG_CONFIG='/usr/bin/pkg-config'
ac_cv_path_cf_man2html='no'
ac_cv_path_install='/usr/bin/install -c'
ac_cv_prog_AWK='mawk'
ac_cv_prog_CPP='gcc -E'
ac_cv_prog_MAKE_LOWER_TAGS='no'
ac_cv_prog_MAKE_UPPER_TAGS='no'
ac_cv_prog_ac_ct_CC='gcc'
ac_cv_prog_cc_g='yes'
ac_cv_prog_cc_stdc=''
ac_cv_prog_cf_ldd_prog='ldd'
ac_cv_prog_cf_tic_prog='yes'
ac_cv_prog_desktop_utils='yes'
ac_cv_type_mode_t='yes'
ac_cv_type_off_t='yes'
ac_cv_type_pid_t='yes'
ac_cv_type_time_t='yes'
ac_cv_type_uid_t='yes'
am_cv_langinfo_codeset='yes'
cf_cv_dcl_errno='yes'
cf_cv_dcl_sys_errlist='yes'
cf_cv_dcl_sys_nerr='yes'
cf_cv_define_sigwinch='yes'
cf_cv_found_freetype='yes'
cf_cv_gnu_dftsrc_219='yes'
cf_cv_gnu_library='yes'
cf_cv_gnu_library_219='yes'
cf_cv_have_errno='no'
cf_cv_have_sys_errlist='yes'
cf_cv_have_sys_nerr='yes'
cf_cv_have_utmp='utmp'
cf_cv_have_utmp_ut_host='yes'
cf_cv_have_utmp_ut_name='ut_name'
cf_cv_have_utmp_ut_session='yes'
cf_cv_have_utmp_ut_syslen='no'
cf_cv_have_utmp_ut_xstatus='ut_exit.e_exit'
cf_cv_have_utmp_ut_xtime='yes'
cf_cv_icon_list=' icons/filled-xterm icons/mini.xterm icons/mini.xterm_48x48 icons/xterm-color icons/xterm'
cf_cv_input_method='yes'
cf_cv_lib_part_tgetent='-ltermcap'
cf_cv_lib_tgetent='no'
cf_cv_mixedcase='yes'
cf_cv_path_lastlog='_PATH_LASTLOG'
cf_cv_posix_saved_ids='yes'
cf_cv_posix_wait='yes'
cf_cv_regex_hdrs='regex.h'
cf_cv_sig_atomic_t='volatile sig_atomic_t'
cf_cv_struct_lastlog='no'
cf_cv_svr4='no'
cf_cv_system_name='linux-gnu'
cf_cv_sysv='no'
cf_cv_sysv_utmp='yes'
cf_cv_termio_c_ispeed='no'
cf_cv_tty_group='yes'
cf_cv_tty_group_name='tty'
cf_cv_type_cc_t='yes'
cf_cv_type_fd_mask='sys/types.h'
cf_cv_type_fd_set='sys/types.h'
cf_cv_x_freetype_cfgs='auto'
cf_cv_x_freetype_incs='-I/usr/include/uuid -I/usr/include/freetype2 -I/usr/include/libpng16'
cf_cv_x_freetype_libs=' -lXft'
cf_cv_xft_compat='no'
cf_cv_xkb_bell_ext='yes'
cf_cv_xkb_keycode_to_keysym='yes'
cf_cv_xkb_query_extension='yes'
cf_cv_xt_ice_compat='no'

## ------------ ##
## confdefs.h.  ##
## ------------ ##

#define SYSTEM_NAME "linux-gnu"
#define HAVE_STDLIB_H 1
#define HAVE_SYS_TTYDEFAULTS_H 1
#define HAVE_TERM_H 1
#define HAVE_TERMIOS_H 1
#define HAVE_UNISTD_H 1
#define HAVE_WCHAR_H 1
#define TIME_WITH_SYS_TIME 1
#define HAVE_LANGINFO_CODESET 1
#define SIG_ATOMIC_T volatile sig_atomic_t
#define STDC_HEADERS 1
#define HAVE_SYS_TYPES_H 1
#define HAVE_SYS_STAT_H 1
#define HAVE_STDLIB_H 1
#define HAVE_STRING_H 1
#define HAVE_MEMORY_H 1
#define HAVE_STRINGS_H 1
#define HAVE_INTTYPES_H 1
#define HAVE_STDINT_H 1
#define HAVE_UNISTD_H 1
#define HAVE_GETHOSTNAME 1
#define HAVE_GETUSERSHELL 1
#define HAVE_ENDUSERSHELL 1
#define HAVE_GETLOGIN 1
#define HAVE_INITGROUPS 1
#define HAVE_MKDTEMP 1
#define HAVE_PUTENV 1
#define HAVE_UNSETENV 1
#define HAVE_SCHED_YIELD 1
#define HAVE_SETPGID 1
#define HAVE_STRFTIME 1
#define HAVE_TCGETATTR 1
#define HAVE_WAITPID 1
#define HAVE_WCSWIDTH 1
#define HAVE_WCWIDTH 1
#define HAVE_LASTLOG_H 1
#define HAVE_PATHS_H 1
#define USE_LASTLOG 1
#define HAVE_UTMP 1
#define HAVE_UTMP_UT_HOST 1
#define HAVE_UTMP_UT_XSTATUS 1
#define ut_xstatus ut_exit.e_exit
#define HAVE_UTMP_UT_XTIME 1
#define HAVE_UTMP_UT_SESSION 1
#define USE_SYSV_UTMP 1
#define HAVE_LASTLOG_H 1
#define HAVE_SYS_PARAM_H 1
#define HAVE_POSIX_SAVED_IDS 1
#define HAVE_TERMCAP_H 1
#define USE_TERMINFO 1
#define XTERM_PATH_PATH "/usr/bin/xterm"
#define TTY_GROUP_NAME "tty"
#define USE_TTY_GROUP 1
#define HAVE_SYS_WAIT_H 1
#define USE_POSIX_WAIT 1
#define HAVE_SYS_NERR 1
#define HAVE_SYS_ERRLIST 1
#define HAVE_TERMIOS_H 1
#define HAVE_STDLIB_H 1
#define HAVE_X11_INTRINSIC_H 1
#define HAVE_X11_DECKEYSYM_H 1
#define HAVE_X11_SUNKEYSYM_H 1
#define HAVE_X11_XF86KEYSYM_H 1
#define HAVE_X11_XKBLIB_H 1
#define HAVE_X11_TRANSLATEI_H 1
#define HAVE_X11_XPOLL_H 1
#define HAVE_X11_EXTENSIONS_XKB_H 1
#define HAVE_LIBXPM 1
#define HAVE_X11_EXTENSIONS_XINERAMA_H 1
#define HAVE_LIB_NEXTAW 1
#define HAVE_X11_XPOLL_H 1
#define HAVE_LIB_XCURSOR 1
#define HAVE_STROPTS_H 1
#define HAVE_GRANTPT 1
#define HAVE_PTSNAME 1
#define HAVE_POSIX_OPENPT 1
#define HAVE_OPENPTY 1
#define HAVE_PTY_H 1
#define HAVE_XKBQUERYEXTENSION 1
#define HAVE_XKBKEYCODETOKEYSYM 1
#define HAVE_XKB_BELL_EXT 1
#define HAVE_XUTF8LOOKUPSTRING 1
#define DFT_DECID "420"
#define DFT_TERMTYPE "xterm"
#define DEF_BACKARO_BS True
#define DEF_BACKARO_ERASE False
#define DEFDELETE_DEL Maybe
#define DEF_INITIAL_ERASE False
#define DEF_ALT_SENDS_ESC False
#define DEF_META_SENDS_ESC False
#define OPT_256_COLORS 1
#define OPT_DIRECT_COLOR 1
#define OPT_BROKEN_OSC 1
#define XRENDERFONT 1
#define HAVE_XFTDRAWCHARSPEC 1
#define HAVE_XFTDRAWSETCLIP 1
#define HAVE_XFTDRAWSETCLIPRECTANGLES 1
#define OPT_FIFO_LINES 1
#define OPT_PASTE64 1
#define OPT_PTY_HANDSHAKE 1
#define HAVE_REGEX_H_FUNCS 1
#define OPT_SELECT_REGEX 1
#define SCROLLBAR_RIGHT 1
#define OPT_TCAP_FKEYS 1
#define OPT_TCAP_QUERY 1
#define OPT_LUIT_PROG 1
#define LUIT_PATH "/usr/bin/luit"
#define OPT_WIDE_CHARS 1
#define OPT_SCREEN_DUMPS 1
#define OPT_DEC_RECTOPS 1
#define HAVE_TIGETSTR 1
#define HAVE_USE_EXTENDED_NAMES 1
#define MIXEDCASE_FILENAMES 1


configure: exit 0
